{"/Users/cyp/Documents/work/web/surveillance-reseau/src/auth.js": {"path":"/Users/cyp/Documents/work/web/surveillance-reseau/src/auth.js","statementMap":{"0":{"start":{"line":1,"column":12},"end":{"line":1,"column":35}},"1":{"start":{"line":2,"column":15},"end":{"line":2,"column":34}},"2":{"start":{"line":3,"column":11},"end":{"line":3,"column":32}},"3":{"start":{"line":7,"column":8},"end":{"line":7,"column":66}},"4":{"start":{"line":8,"column":8},"end":{"line":10,"column":9}},"5":{"start":{"line":9,"column":12},"end":{"line":9,"column":104}},"6":{"start":{"line":12,"column":8},"end":{"line":12,"column":57}},"7":{"start":{"line":13,"column":8},"end":{"line":13,"column":55}},"8":{"start":{"line":17,"column":8},"end":{"line":60,"column":9}},"9":{"start":{"line":18,"column":12},"end":{"line":18,"column":68}},"10":{"start":{"line":21,"column":12},"end":{"line":23,"column":13}},"11":{"start":{"line":22,"column":16},"end":{"line":22,"column":63}},"12":{"start":{"line":25,"column":12},"end":{"line":27,"column":13}},"13":{"start":{"line":26,"column":16},"end":{"line":26,"column":87}},"14":{"start":{"line":29,"column":12},"end":{"line":31,"column":13}},"15":{"start":{"line":30,"column":16},"end":{"line":30,"column":50}},"16":{"start":{"line":34,"column":33},"end":{"line":34,"column":59}},"17":{"start":{"line":35,"column":12},"end":{"line":37,"column":13}},"18":{"start":{"line":36,"column":16},"end":{"line":36,"column":63}},"19":{"start":{"line":40,"column":35},"end":{"line":40,"column":66}},"20":{"start":{"line":43,"column":27},"end":{"line":43,"column":79}},"21":{"start":{"line":44,"column":12},"end":{"line":44,"column":64}},"22":{"start":{"line":47,"column":26},"end":{"line":47,"column":62}},"23":{"start":{"line":48,"column":12},"end":{"line":48,"column":56}},"24":{"start":{"line":50,"column":12},"end":{"line":56,"column":14}},"25":{"start":{"line":58,"column":12},"end":{"line":58,"column":67}},"26":{"start":{"line":59,"column":12},"end":{"line":59,"column":24}},"27":{"start":{"line":64,"column":8},"end":{"line":98,"column":9}},"28":{"start":{"line":65,"column":12},"end":{"line":65,"column":66}},"29":{"start":{"line":68,"column":12},"end":{"line":70,"column":13}},"30":{"start":{"line":69,"column":16},"end":{"line":69,"column":77}},"31":{"start":{"line":73,"column":25},"end":{"line":73,"column":51}},"32":{"start":{"line":74,"column":12},"end":{"line":76,"column":13}},"33":{"start":{"line":75,"column":16},"end":{"line":75,"column":58}},"34":{"start":{"line":79,"column":34},"end":{"line":79,"column":79}},"35":{"start":{"line":80,"column":12},"end":{"line":82,"column":13}},"36":{"start":{"line":81,"column":16},"end":{"line":81,"column":58}},"37":{"start":{"line":85,"column":26},"end":{"line":85,"column":68}},"38":{"start":{"line":86,"column":12},"end":{"line":86,"column":56}},"39":{"start":{"line":88,"column":12},"end":{"line":94,"column":14}},"40":{"start":{"line":96,"column":12},"end":{"line":96,"column":65}},"41":{"start":{"line":97,"column":12},"end":{"line":97,"column":24}},"42":{"start":{"line":102,"column":24},"end":{"line":106,"column":9}},"43":{"start":{"line":107,"column":8},"end":{"line":107,"column":66}},"44":{"start":{"line":108,"column":8},"end":{"line":108,"column":68}},"45":{"start":{"line":112,"column":8},"end":{"line":126,"column":9}},"46":{"start":{"line":113,"column":12},"end":{"line":113,"column":52}},"47":{"start":{"line":114,"column":12},"end":{"line":116,"column":13}},"48":{"start":{"line":115,"column":16},"end":{"line":115,"column":50}},"49":{"start":{"line":117,"column":28},"end":{"line":117,"column":58}},"50":{"start":{"line":118,"column":12},"end":{"line":118,"column":50}},"51":{"start":{"line":119,"column":12},"end":{"line":119,"column":27}},"52":{"start":{"line":121,"column":12},"end":{"line":121,"column":69}},"53":{"start":{"line":122,"column":12},"end":{"line":124,"column":13}},"54":{"start":{"line":123,"column":16},"end":{"line":123,"column":48}},"55":{"start":{"line":125,"column":12},"end":{"line":125,"column":46}},"56":{"start":{"line":130,"column":8},"end":{"line":195,"column":9}},"57":{"start":{"line":131,"column":12},"end":{"line":131,"column":66}},"58":{"start":{"line":132,"column":31},"end":{"line":132,"column":56}},"59":{"start":{"line":133,"column":12},"end":{"line":133,"column":64}},"60":{"start":{"line":135,"column":12},"end":{"line":141,"column":13}},"61":{"start":{"line":136,"column":16},"end":{"line":136,"column":64}},"62":{"start":{"line":137,"column":16},"end":{"line":140,"column":19}},"63":{"start":{"line":143,"column":36},"end":{"line":143,"column":57}},"64":{"start":{"line":144,"column":12},"end":{"line":150,"column":13}},"65":{"start":{"line":145,"column":16},"end":{"line":145,"column":56}},"66":{"start":{"line":146,"column":16},"end":{"line":149,"column":19}},"67":{"start":{"line":152,"column":12},"end":{"line":188,"column":13}},"68":{"start":{"line":153,"column":32},"end":{"line":153,"column":55}},"69":{"start":{"line":154,"column":16},"end":{"line":154,"column":57}},"70":{"start":{"line":157,"column":16},"end":{"line":175,"column":23}},"71":{"start":{"line":159,"column":24},"end":{"line":165,"column":25}},"72":{"start":{"line":160,"column":28},"end":{"line":160,"column":66}},"73":{"start":{"line":161,"column":28},"end":{"line":164,"column":31}},"74":{"start":{"line":166,"column":24},"end":{"line":166,"column":43}},"75":{"start":{"line":167,"column":24},"end":{"line":167,"column":31}},"76":{"start":{"line":170,"column":24},"end":{"line":170,"column":98}},"77":{"start":{"line":171,"column":24},"end":{"line":174,"column":27}},"78":{"start":{"line":177,"column":16},"end":{"line":177,"column":73}},"79":{"start":{"line":178,"column":16},"end":{"line":183,"column":17}},"80":{"start":{"line":179,"column":20},"end":{"line":182,"column":23}},"81":{"start":{"line":184,"column":16},"end":{"line":187,"column":19}},"82":{"start":{"line":190,"column":12},"end":{"line":190,"column":64}},"83":{"start":{"line":191,"column":12},"end":{"line":194,"column":15}},"84":{"start":{"line":199,"column":8},"end":{"line":217,"column":10}},"85":{"start":{"line":200,"column":12},"end":{"line":216,"column":13}},"86":{"start":{"line":201,"column":16},"end":{"line":201,"column":55}},"87":{"start":{"line":202,"column":29},"end":{"line":202,"column":64}},"88":{"start":{"line":203,"column":16},"end":{"line":206,"column":17}},"89":{"start":{"line":204,"column":20},"end":{"line":204,"column":58}},"90":{"start":{"line":205,"column":20},"end":{"line":205,"column":87}},"91":{"start":{"line":207,"column":16},"end":{"line":210,"column":17}},"92":{"start":{"line":208,"column":20},"end":{"line":208,"column":52}},"93":{"start":{"line":209,"column":20},"end":{"line":209,"column":77}},"94":{"start":{"line":211,"column":16},"end":{"line":211,"column":56}},"95":{"start":{"line":212,"column":16},"end":{"line":212,"column":23}},"96":{"start":{"line":214,"column":16},"end":{"line":214,"column":72}},"97":{"start":{"line":215,"column":16},"end":{"line":215,"column":68}},"98":{"start":{"line":222,"column":13},"end":{"line":222,"column":23}},"99":{"start":{"line":223,"column":0},"end":{"line":223,"column":22}}},"fnMap":{"0":{"name":"(anonymous_0)","decl":{"start":{"line":6,"column":4},"end":{"line":6,"column":5}},"loc":{"start":{"line":6,"column":18},"end":{"line":14,"column":5}},"line":6},"1":{"name":"(anonymous_1)","decl":{"start":{"line":16,"column":4},"end":{"line":16,"column":5}},"loc":{"start":{"line":16,"column":46},"end":{"line":61,"column":5}},"line":16},"2":{"name":"(anonymous_2)","decl":{"start":{"line":63,"column":4},"end":{"line":63,"column":5}},"loc":{"start":{"line":63,"column":36},"end":{"line":99,"column":5}},"line":63},"3":{"name":"(anonymous_3)","decl":{"start":{"line":101,"column":4},"end":{"line":101,"column":5}},"loc":{"start":{"line":101,"column":36},"end":{"line":109,"column":5}},"line":101},"4":{"name":"(anonymous_4)","decl":{"start":{"line":111,"column":4},"end":{"line":111,"column":5}},"loc":{"start":{"line":111,"column":23},"end":{"line":127,"column":5}},"line":111},"5":{"name":"(anonymous_5)","decl":{"start":{"line":129,"column":4},"end":{"line":129,"column":5}},"loc":{"start":{"line":129,"column":33},"end":{"line":196,"column":5}},"line":129},"6":{"name":"(anonymous_6)","decl":{"start":{"line":158,"column":26},"end":{"line":158,"column":27}},"loc":{"start":{"line":158,"column":34},"end":{"line":168,"column":21}},"line":158},"7":{"name":"(anonymous_7)","decl":{"start":{"line":169,"column":27},"end":{"line":169,"column":28}},"loc":{"start":{"line":169,"column":36},"end":{"line":175,"column":21}},"line":169},"8":{"name":"(anonymous_8)","decl":{"start":{"line":198,"column":4},"end":{"line":198,"column":5}},"loc":{"start":{"line":198,"column":22},"end":{"line":218,"column":5}},"line":198},"9":{"name":"(anonymous_9)","decl":{"start":{"line":199,"column":15},"end":{"line":199,"column":16}},"loc":{"start":{"line":199,"column":41},"end":{"line":217,"column":9}},"line":199}},"branchMap":{"0":{"loc":{"start":{"line":7,"column":22},"end":{"line":7,"column":65}},"type":"binary-expr","locations":[{"start":{"line":7,"column":22},"end":{"line":7,"column":44}},{"start":{"line":7,"column":48},"end":{"line":7,"column":65}}],"line":7},"1":{"loc":{"start":{"line":8,"column":8},"end":{"line":10,"column":9}},"type":"if","locations":[{"start":{"line":8,"column":8},"end":{"line":10,"column":9}},{"start":{},"end":{}}],"line":8},"2":{"loc":{"start":{"line":8,"column":12},"end":{"line":8,"column":61}},"type":"binary-expr","locations":[{"start":{"line":8,"column":12},"end":{"line":8,"column":24}},{"start":{"line":8,"column":28},"end":{"line":8,"column":61}}],"line":8},"3":{"loc":{"start":{"line":21,"column":12},"end":{"line":23,"column":13}},"type":"if","locations":[{"start":{"line":21,"column":12},"end":{"line":23,"column":13}},{"start":{},"end":{}}],"line":21},"4":{"loc":{"start":{"line":21,"column":16},"end":{"line":21,"column":48}},"type":"binary-expr","locations":[{"start":{"line":21,"column":16},"end":{"line":21,"column":25}},{"start":{"line":21,"column":29},"end":{"line":21,"column":38}},{"start":{"line":21,"column":42},"end":{"line":21,"column":48}}],"line":21},"5":{"loc":{"start":{"line":25,"column":12},"end":{"line":27,"column":13}},"type":"if","locations":[{"start":{"line":25,"column":12},"end":{"line":27,"column":13}},{"start":{},"end":{}}],"line":25},"6":{"loc":{"start":{"line":29,"column":12},"end":{"line":31,"column":13}},"type":"if","locations":[{"start":{"line":29,"column":12},"end":{"line":31,"column":13}},{"start":{},"end":{}}],"line":29},"7":{"loc":{"start":{"line":35,"column":12},"end":{"line":37,"column":13}},"type":"if","locations":[{"start":{"line":35,"column":12},"end":{"line":37,"column":13}},{"start":{},"end":{}}],"line":35},"8":{"loc":{"start":{"line":68,"column":12},"end":{"line":70,"column":13}},"type":"if","locations":[{"start":{"line":68,"column":12},"end":{"line":70,"column":13}},{"start":{},"end":{}}],"line":68},"9":{"loc":{"start":{"line":68,"column":16},"end":{"line":68,"column":38}},"type":"binary-expr","locations":[{"start":{"line":68,"column":16},"end":{"line":68,"column":25}},{"start":{"line":68,"column":29},"end":{"line":68,"column":38}}],"line":68},"10":{"loc":{"start":{"line":74,"column":12},"end":{"line":76,"column":13}},"type":"if","locations":[{"start":{"line":74,"column":12},"end":{"line":76,"column":13}},{"start":{},"end":{}}],"line":74},"11":{"loc":{"start":{"line":80,"column":12},"end":{"line":82,"column":13}},"type":"if","locations":[{"start":{"line":80,"column":12},"end":{"line":82,"column":13}},{"start":{},"end":{}}],"line":80},"12":{"loc":{"start":{"line":114,"column":12},"end":{"line":116,"column":13}},"type":"if","locations":[{"start":{"line":114,"column":12},"end":{"line":116,"column":13}},{"start":{},"end":{}}],"line":114},"13":{"loc":{"start":{"line":122,"column":12},"end":{"line":124,"column":13}},"type":"if","locations":[{"start":{"line":122,"column":12},"end":{"line":124,"column":13}},{"start":{},"end":{}}],"line":122},"14":{"loc":{"start":{"line":135,"column":12},"end":{"line":141,"column":13}},"type":"if","locations":[{"start":{"line":135,"column":12},"end":{"line":141,"column":13}},{"start":{},"end":{}}],"line":135},"15":{"loc":{"start":{"line":144,"column":12},"end":{"line":150,"column":13}},"type":"if","locations":[{"start":{"line":144,"column":12},"end":{"line":150,"column":13}},{"start":{},"end":{}}],"line":144},"16":{"loc":{"start":{"line":144,"column":16},"end":{"line":144,"column":45}},"type":"binary-expr","locations":[{"start":{"line":144,"column":16},"end":{"line":144,"column":35}},{"start":{"line":144,"column":39},"end":{"line":144,"column":45}}],"line":144},"17":{"loc":{"start":{"line":159,"column":24},"end":{"line":165,"column":25}},"type":"if","locations":[{"start":{"line":159,"column":24},"end":{"line":165,"column":25}},{"start":{},"end":{}}],"line":159},"18":{"loc":{"start":{"line":178,"column":16},"end":{"line":183,"column":17}},"type":"if","locations":[{"start":{"line":178,"column":16},"end":{"line":183,"column":17}},{"start":{},"end":{}}],"line":178},"19":{"loc":{"start":{"line":203,"column":16},"end":{"line":206,"column":17}},"type":"if","locations":[{"start":{"line":203,"column":16},"end":{"line":206,"column":17}},{"start":{},"end":{}}],"line":203},"20":{"loc":{"start":{"line":207,"column":16},"end":{"line":210,"column":17}},"type":"if","locations":[{"start":{"line":207,"column":16},"end":{"line":210,"column":17}},{"start":{},"end":{}}],"line":207}},"s":{"0":0,"1":0,"2":0,"3":0,"4":0,"5":0,"6":0,"7":0,"8":0,"9":0,"10":0,"11":0,"12":0,"13":0,"14":0,"15":0,"16":0,"17":0,"18":0,"19":0,"20":0,"21":0,"22":0,"23":0,"24":0,"25":0,"26":0,"27":0,"28":0,"29":0,"30":0,"31":0,"32":0,"33":0,"34":0,"35":0,"36":0,"37":0,"38":0,"39":0,"40":0,"41":0,"42":0,"43":0,"44":0,"45":0,"46":0,"47":0,"48":0,"49":0,"50":0,"51":0,"52":0,"53":0,"54":0,"55":0,"56":0,"57":0,"58":0,"59":0,"60":0,"61":0,"62":0,"63":0,"64":0,"65":0,"66":0,"67":0,"68":0,"69":0,"70":0,"71":0,"72":0,"73":0,"74":0,"75":0,"76":0,"77":0,"78":0,"79":0,"80":0,"81":0,"82":0,"83":0,"84":0,"85":0,"86":0,"87":0,"88":0,"89":0,"90":0,"91":0,"92":0,"93":0,"94":0,"95":0,"96":0,"97":0,"98":0,"99":0},"f":{"0":0,"1":0,"2":0,"3":0,"4":0,"5":0,"6":0,"7":0,"8":0,"9":0},"b":{"0":[0,0],"1":[0,0],"2":[0,0],"3":[0,0],"4":[0,0,0],"5":[0,0],"6":[0,0],"7":[0,0],"8":[0,0],"9":[0,0],"10":[0,0],"11":[0,0],"12":[0,0],"13":[0,0],"14":[0,0],"15":[0,0],"16":[0,0],"17":[0,0],"18":[0,0],"19":[0,0],"20":[0,0]}}
,"/Users/cyp/Documents/work/web/surveillance-reseau/src/config.js": {"path":"/Users/cyp/Documents/work/web/surveillance-reseau/src/config.js","statementMap":{"0":{"start":{"line":1,"column":15},"end":{"line":59,"column":1}},"1":{"start":{"line":61,"column":0},"end":{"line":61,"column":24}}},"fnMap":{},"branchMap":{"0":{"loc":{"start":{"line":3,"column":10},"end":{"line":3,"column":34}},"type":"binary-expr","locations":[{"start":{"line":3,"column":10},"end":{"line":3,"column":26}},{"start":{"line":3,"column":30},"end":{"line":3,"column":34}}],"line":3},"1":{"loc":{"start":{"line":7,"column":14},"end":{"line":7,"column":63}},"type":"binary-expr","locations":[{"start":{"line":7,"column":14},"end":{"line":7,"column":33}},{"start":{"line":7,"column":37},"end":{"line":7,"column":63}}],"line":7},"2":{"loc":{"start":{"line":15,"column":22},"end":{"line":15,"column":58}},"type":"binary-expr","locations":[{"start":{"line":15,"column":22},"end":{"line":15,"column":43}},{"start":{"line":15,"column":47},"end":{"line":15,"column":58}}],"line":15},"3":{"loc":{"start":{"line":16,"column":22},"end":{"line":16,"column":60}},"type":"binary-expr","locations":[{"start":{"line":16,"column":22},"end":{"line":16,"column":53}},{"start":{"line":16,"column":57},"end":{"line":16,"column":60}}],"line":16},"4":{"loc":{"start":{"line":19,"column":26},"end":{"line":19,"column":69}},"type":"binary-expr","locations":[{"start":{"line":19,"column":26},"end":{"line":19,"column":47}},{"start":{"line":19,"column":51},"end":{"line":19,"column":69}}],"line":19},"5":{"loc":{"start":{"line":20,"column":26},"end":{"line":20,"column":61}},"type":"binary-expr","locations":[{"start":{"line":20,"column":26},"end":{"line":20,"column":47}},{"start":{"line":20,"column":51},"end":{"line":20,"column":61}}],"line":20},"6":{"loc":{"start":{"line":23,"column":18},"end":{"line":23,"column":61}},"type":"binary-expr","locations":[{"start":{"line":23,"column":18},"end":{"line":23,"column":39}},{"start":{"line":23,"column":43},"end":{"line":23,"column":61}}],"line":23}},"s":{"0":0,"1":0},"f":{},"b":{"0":[0,0],"1":[0,0],"2":[0,0],"3":[0,0],"4":[0,0],"5":[0,0],"6":[0,0]}}
,"/Users/cyp/Documents/work/web/surveillance-reseau/src/database.js": {"path":"/Users/cyp/Documents/work/web/surveillance-reseau/src/database.js","statementMap":{"0":{"start":{"line":1,"column":16},"end":{"line":1,"column":44}},"1":{"start":{"line":2,"column":13},"end":{"line":2,"column":28}},"2":{"start":{"line":3,"column":11},"end":{"line":3,"column":24}},"3":{"start":{"line":4,"column":15},"end":{"line":4,"column":32}},"4":{"start":{"line":8,"column":8},"end":{"line":8,"column":73}},"5":{"start":{"line":9,"column":8},"end":{"line":9,"column":35}},"6":{"start":{"line":10,"column":8},"end":{"line":10,"column":52}},"7":{"start":{"line":11,"column":8},"end":{"line":11,"column":20}},"8":{"start":{"line":15,"column":24},"end":{"line":15,"column":52}},"9":{"start":{"line":16,"column":8},"end":{"line":18,"column":9}},"10":{"start":{"line":17,"column":12},"end":{"line":17,"column":55}},"11":{"start":{"line":22,"column":8},"end":{"line":22,"column":34}},"12":{"start":{"line":27,"column":8},"end":{"line":36,"column":11}},"13":{"start":{"line":39,"column":8},"end":{"line":50,"column":11}},"14":{"start":{"line":53,"column":8},"end":{"line":59,"column":11}},"15":{"start":{"line":62,"column":8},"end":{"line":71,"column":9}},"16":{"start":{"line":63,"column":32},"end":{"line":63,"column":69}},"17":{"start":{"line":64,"column":12},"end":{"line":68,"column":13}},"18":{"start":{"line":65,"column":39},"end":{"line":65,"column":69}},"19":{"start":{"line":66,"column":16},"end":{"line":66,"column":72}},"20":{"start":{"line":67,"column":16},"end":{"line":67,"column":66}},"21":{"start":{"line":70,"column":12},"end":{"line":70,"column":88}},"22":{"start":{"line":76,"column":8},"end":{"line":85,"column":11}},"23":{"start":{"line":77,"column":12},"end":{"line":84,"column":14}},"24":{"start":{"line":81,"column":20},"end":{"line":82,"column":46}},"25":{"start":{"line":81,"column":29},"end":{"line":81,"column":41}},"26":{"start":{"line":82,"column":25},"end":{"line":82,"column":46}},"27":{"start":{"line":89,"column":8},"end":{"line":98,"column":11}},"28":{"start":{"line":90,"column":12},"end":{"line":97,"column":14}},"29":{"start":{"line":94,"column":20},"end":{"line":95,"column":38}},"30":{"start":{"line":94,"column":29},"end":{"line":94,"column":41}},"31":{"start":{"line":95,"column":25},"end":{"line":95,"column":38}},"32":{"start":{"line":102,"column":8},"end":{"line":111,"column":11}},"33":{"start":{"line":103,"column":12},"end":{"line":110,"column":14}},"34":{"start":{"line":107,"column":20},"end":{"line":108,"column":38}},"35":{"start":{"line":107,"column":29},"end":{"line":107,"column":41}},"36":{"start":{"line":108,"column":25},"end":{"line":108,"column":38}},"37":{"start":{"line":116,"column":8},"end":{"line":127,"column":11}},"38":{"start":{"line":117,"column":34},"end":{"line":117,"column":59}},"39":{"start":{"line":118,"column":12},"end":{"line":126,"column":14}},"40":{"start":{"line":123,"column":20},"end":{"line":124,"column":35}},"41":{"start":{"line":123,"column":29},"end":{"line":123,"column":41}},"42":{"start":{"line":124,"column":25},"end":{"line":124,"column":35}},"43":{"start":{"line":131,"column":8},"end":{"line":136,"column":11}},"44":{"start":{"line":132,"column":12},"end":{"line":135,"column":15}},"45":{"start":{"line":133,"column":16},"end":{"line":134,"column":35}},"46":{"start":{"line":133,"column":25},"end":{"line":133,"column":37}},"47":{"start":{"line":134,"column":21},"end":{"line":134,"column":35}},"48":{"start":{"line":141,"column":8},"end":{"line":150,"column":11}},"49":{"start":{"line":142,"column":12},"end":{"line":149,"column":14}},"50":{"start":{"line":146,"column":20},"end":{"line":147,"column":46}},"51":{"start":{"line":146,"column":29},"end":{"line":146,"column":41}},"52":{"start":{"line":147,"column":25},"end":{"line":147,"column":46}},"53":{"start":{"line":154,"column":8},"end":{"line":165,"column":11}},"54":{"start":{"line":155,"column":26},"end":{"line":160,"column":13}},"55":{"start":{"line":161,"column":12},"end":{"line":164,"column":15}},"56":{"start":{"line":162,"column":16},"end":{"line":163,"column":35}},"57":{"start":{"line":162,"column":25},"end":{"line":162,"column":37}},"58":{"start":{"line":163,"column":21},"end":{"line":163,"column":35}},"59":{"start":{"line":170,"column":8},"end":{"line":179,"column":11}},"60":{"start":{"line":171,"column":12},"end":{"line":178,"column":14}},"61":{"start":{"line":175,"column":20},"end":{"line":176,"column":46}},"62":{"start":{"line":175,"column":29},"end":{"line":175,"column":41}},"63":{"start":{"line":176,"column":25},"end":{"line":176,"column":46}},"64":{"start":{"line":183,"column":8},"end":{"line":194,"column":11}},"65":{"start":{"line":184,"column":12},"end":{"line":193,"column":14}},"66":{"start":{"line":190,"column":20},"end":{"line":191,"column":39}},"67":{"start":{"line":190,"column":29},"end":{"line":190,"column":41}},"68":{"start":{"line":191,"column":25},"end":{"line":191,"column":39}},"69":{"start":{"line":198,"column":8},"end":{"line":207,"column":11}},"70":{"start":{"line":199,"column":12},"end":{"line":206,"column":14}},"71":{"start":{"line":203,"column":20},"end":{"line":204,"column":51}},"72":{"start":{"line":203,"column":29},"end":{"line":203,"column":41}},"73":{"start":{"line":204,"column":25},"end":{"line":204,"column":51}},"74":{"start":{"line":212,"column":8},"end":{"line":272,"column":11}},"75":{"start":{"line":213,"column":27},"end":{"line":220,"column":13}},"76":{"start":{"line":222,"column":12},"end":{"line":271,"column":15}},"77":{"start":{"line":224,"column":16},"end":{"line":231,"column":18}},"78":{"start":{"line":228,"column":24},"end":{"line":229,"column":61}},"79":{"start":{"line":228,"column":33},"end":{"line":228,"column":45}},"80":{"start":{"line":229,"column":29},"end":{"line":229,"column":61}},"81":{"start":{"line":234,"column":16},"end":{"line":243,"column":18}},"82":{"start":{"line":240,"column":24},"end":{"line":241,"column":61}},"83":{"start":{"line":240,"column":33},"end":{"line":240,"column":45}},"84":{"start":{"line":241,"column":29},"end":{"line":241,"column":61}},"85":{"start":{"line":246,"column":16},"end":{"line":253,"column":18}},"86":{"start":{"line":250,"column":24},"end":{"line":251,"column":73}},"87":{"start":{"line":250,"column":33},"end":{"line":250,"column":45}},"88":{"start":{"line":251,"column":29},"end":{"line":251,"column":73}},"89":{"start":{"line":256,"column":16},"end":{"line":270,"column":18}},"90":{"start":{"line":264,"column":24},"end":{"line":268,"column":25}},"91":{"start":{"line":264,"column":33},"end":{"line":264,"column":45}},"92":{"start":{"line":266,"column":28},"end":{"line":266,"column":49}},"93":{"start":{"line":267,"column":28},"end":{"line":267,"column":44}},"94":{"start":{"line":277,"column":27},"end":{"line":277,"column":37}},"95":{"start":{"line":278,"column":8},"end":{"line":278,"column":62}},"96":{"start":{"line":280,"column":8},"end":{"line":289,"column":11}},"97":{"start":{"line":281,"column":12},"end":{"line":288,"column":15}},"98":{"start":{"line":282,"column":16},"end":{"line":282,"column":99}},"99":{"start":{"line":283,"column":16},"end":{"line":283,"column":98}},"100":{"start":{"line":284,"column":16},"end":{"line":287,"column":19}},"101":{"start":{"line":285,"column":20},"end":{"line":286,"column":35}},"102":{"start":{"line":285,"column":29},"end":{"line":285,"column":41}},"103":{"start":{"line":286,"column":25},"end":{"line":286,"column":35}},"104":{"start":{"line":294,"column":8},"end":{"line":323,"column":11}},"105":{"start":{"line":295,"column":12},"end":{"line":322,"column":15}},"106":{"start":{"line":296,"column":16},"end":{"line":299,"column":17}},"107":{"start":{"line":297,"column":20},"end":{"line":297,"column":32}},"108":{"start":{"line":298,"column":20},"end":{"line":298,"column":27}},"109":{"start":{"line":301,"column":29},"end":{"line":301,"column":144}},"110":{"start":{"line":303,"column":16},"end":{"line":311,"column":19}},"111":{"start":{"line":304,"column":20},"end":{"line":310,"column":22}},"112":{"start":{"line":313,"column":16},"end":{"line":313,"column":32}},"113":{"start":{"line":315,"column":16},"end":{"line":321,"column":19}},"114":{"start":{"line":316,"column":20},"end":{"line":320,"column":21}},"115":{"start":{"line":317,"column":24},"end":{"line":317,"column":36}},"116":{"start":{"line":319,"column":24},"end":{"line":319,"column":34}},"117":{"start":{"line":327,"column":8},"end":{"line":341,"column":11}},"118":{"start":{"line":328,"column":12},"end":{"line":340,"column":15}},"119":{"start":{"line":329,"column":16},"end":{"line":339,"column":17}},"120":{"start":{"line":330,"column":20},"end":{"line":330,"column":32}},"121":{"start":{"line":332,"column":20},"end":{"line":338,"column":25}},"122":{"start":{"line":332,"column":45},"end":{"line":338,"column":21}},"123":{"start":{"line":345,"column":8},"end":{"line":350,"column":11}},"124":{"start":{"line":346,"column":12},"end":{"line":349,"column":15}},"125":{"start":{"line":347,"column":16},"end":{"line":348,"column":34}},"126":{"start":{"line":347,"column":25},"end":{"line":347,"column":37}},"127":{"start":{"line":348,"column":21},"end":{"line":348,"column":34}},"128":{"start":{"line":354,"column":8},"end":{"line":363,"column":11}},"129":{"start":{"line":355,"column":12},"end":{"line":362,"column":14}},"130":{"start":{"line":359,"column":20},"end":{"line":360,"column":47}},"131":{"start":{"line":359,"column":29},"end":{"line":359,"column":41}},"132":{"start":{"line":360,"column":25},"end":{"line":360,"column":47}},"133":{"start":{"line":368,"column":8},"end":{"line":381,"column":11}},"134":{"start":{"line":369,"column":30},"end":{"line":369,"column":54}},"135":{"start":{"line":370,"column":12},"end":{"line":380,"column":14}},"136":{"start":{"line":374,"column":20},"end":{"line":378,"column":21}},"137":{"start":{"line":375,"column":24},"end":{"line":375,"column":36}},"138":{"start":{"line":377,"column":24},"end":{"line":377,"column":34}},"139":{"start":{"line":386,"column":8},"end":{"line":401,"column":11}},"140":{"start":{"line":387,"column":12},"end":{"line":400,"column":14}},"141":{"start":{"line":391,"column":20},"end":{"line":398,"column":21}},"142":{"start":{"line":392,"column":24},"end":{"line":392,"column":36}},"143":{"start":{"line":394,"column":24},"end":{"line":397,"column":29}},"144":{"start":{"line":394,"column":49},"end":{"line":397,"column":25}},"145":{"start":{"line":406,"column":8},"end":{"line":415,"column":11}},"146":{"start":{"line":407,"column":12},"end":{"line":414,"column":14}},"147":{"start":{"line":411,"column":20},"end":{"line":412,"column":47}},"148":{"start":{"line":411,"column":29},"end":{"line":411,"column":41}},"149":{"start":{"line":412,"column":25},"end":{"line":412,"column":47}},"150":{"start":{"line":420,"column":8},"end":{"line":430,"column":11}},"151":{"start":{"line":421,"column":12},"end":{"line":429,"column":15}},"152":{"start":{"line":422,"column":16},"end":{"line":428,"column":17}},"153":{"start":{"line":423,"column":20},"end":{"line":423,"column":87}},"154":{"start":{"line":424,"column":20},"end":{"line":424,"column":32}},"155":{"start":{"line":426,"column":20},"end":{"line":426,"column":72}},"156":{"start":{"line":427,"column":20},"end":{"line":427,"column":30}},"157":{"start":{"line":434,"column":0},"end":{"line":434,"column":32}}},"fnMap":{"0":{"name":"(anonymous_0)","decl":{"start":{"line":7,"column":4},"end":{"line":7,"column":5}},"loc":{"start":{"line":7,"column":18},"end":{"line":12,"column":5}},"line":7},"1":{"name":"(anonymous_1)","decl":{"start":{"line":14,"column":4},"end":{"line":14,"column":5}},"loc":{"start":{"line":14,"column":26},"end":{"line":19,"column":5}},"line":14},"2":{"name":"(anonymous_2)","decl":{"start":{"line":21,"column":4},"end":{"line":21,"column":5}},"loc":{"start":{"line":21,"column":17},"end":{"line":23,"column":5}},"line":21},"3":{"name":"(anonymous_3)","decl":{"start":{"line":25,"column":4},"end":{"line":25,"column":5}},"loc":{"start":{"line":25,"column":25},"end":{"line":72,"column":5}},"line":25},"4":{"name":"(anonymous_4)","decl":{"start":{"line":75,"column":4},"end":{"line":75,"column":5}},"loc":{"start":{"line":75,"column":48},"end":{"line":86,"column":5}},"line":75},"5":{"name":"(anonymous_5)","decl":{"start":{"line":76,"column":27},"end":{"line":76,"column":28}},"loc":{"start":{"line":76,"column":48},"end":{"line":85,"column":9}},"line":76},"6":{"name":"(anonymous_6)","decl":{"start":{"line":80,"column":16},"end":{"line":80,"column":17}},"loc":{"start":{"line":80,"column":31},"end":{"line":83,"column":17}},"line":80},"7":{"name":"(anonymous_7)","decl":{"start":{"line":88,"column":4},"end":{"line":88,"column":5}},"loc":{"start":{"line":88,"column":28},"end":{"line":99,"column":5}},"line":88},"8":{"name":"(anonymous_8)","decl":{"start":{"line":89,"column":27},"end":{"line":89,"column":28}},"loc":{"start":{"line":89,"column":48},"end":{"line":98,"column":9}},"line":89},"9":{"name":"(anonymous_9)","decl":{"start":{"line":93,"column":16},"end":{"line":93,"column":17}},"loc":{"start":{"line":93,"column":30},"end":{"line":96,"column":17}},"line":93},"10":{"name":"(anonymous_10)","decl":{"start":{"line":101,"column":4},"end":{"line":101,"column":5}},"loc":{"start":{"line":101,"column":38},"end":{"line":112,"column":5}},"line":101},"11":{"name":"(anonymous_11)","decl":{"start":{"line":102,"column":27},"end":{"line":102,"column":28}},"loc":{"start":{"line":102,"column":48},"end":{"line":111,"column":9}},"line":102},"12":{"name":"(anonymous_12)","decl":{"start":{"line":106,"column":16},"end":{"line":106,"column":17}},"loc":{"start":{"line":106,"column":30},"end":{"line":109,"column":17}},"line":106},"13":{"name":"(anonymous_13)","decl":{"start":{"line":115,"column":4},"end":{"line":115,"column":5}},"loc":{"start":{"line":115,"column":61},"end":{"line":128,"column":5}},"line":115},"14":{"name":"(anonymous_14)","decl":{"start":{"line":116,"column":27},"end":{"line":116,"column":28}},"loc":{"start":{"line":116,"column":48},"end":{"line":127,"column":9}},"line":116},"15":{"name":"(anonymous_15)","decl":{"start":{"line":122,"column":16},"end":{"line":122,"column":17}},"loc":{"start":{"line":122,"column":25},"end":{"line":125,"column":17}},"line":122},"16":{"name":"(anonymous_16)","decl":{"start":{"line":130,"column":4},"end":{"line":130,"column":5}},"loc":{"start":{"line":130,"column":26},"end":{"line":137,"column":5}},"line":130},"17":{"name":"(anonymous_17)","decl":{"start":{"line":131,"column":27},"end":{"line":131,"column":28}},"loc":{"start":{"line":131,"column":48},"end":{"line":136,"column":9}},"line":131},"18":{"name":"(anonymous_18)","decl":{"start":{"line":132,"column":73},"end":{"line":132,"column":74}},"loc":{"start":{"line":132,"column":88},"end":{"line":135,"column":13}},"line":132},"19":{"name":"(anonymous_19)","decl":{"start":{"line":140,"column":4},"end":{"line":140,"column":5}},"loc":{"start":{"line":140,"column":39},"end":{"line":151,"column":5}},"line":140},"20":{"name":"(anonymous_20)","decl":{"start":{"line":141,"column":27},"end":{"line":141,"column":28}},"loc":{"start":{"line":141,"column":48},"end":{"line":150,"column":9}},"line":141},"21":{"name":"(anonymous_21)","decl":{"start":{"line":145,"column":16},"end":{"line":145,"column":17}},"loc":{"start":{"line":145,"column":31},"end":{"line":148,"column":17}},"line":145},"22":{"name":"(anonymous_22)","decl":{"start":{"line":153,"column":4},"end":{"line":153,"column":5}},"loc":{"start":{"line":153,"column":51},"end":{"line":166,"column":5}},"line":153},"23":{"name":"(anonymous_23)","decl":{"start":{"line":154,"column":27},"end":{"line":154,"column":28}},"loc":{"start":{"line":154,"column":48},"end":{"line":165,"column":9}},"line":154},"24":{"name":"(anonymous_24)","decl":{"start":{"line":161,"column":63},"end":{"line":161,"column":64}},"loc":{"start":{"line":161,"column":78},"end":{"line":164,"column":13}},"line":161},"25":{"name":"(anonymous_25)","decl":{"start":{"line":169,"column":4},"end":{"line":169,"column":5}},"loc":{"start":{"line":169,"column":44},"end":{"line":180,"column":5}},"line":169},"26":{"name":"(anonymous_26)","decl":{"start":{"line":170,"column":27},"end":{"line":170,"column":28}},"loc":{"start":{"line":170,"column":48},"end":{"line":179,"column":9}},"line":170},"27":{"name":"(anonymous_27)","decl":{"start":{"line":174,"column":16},"end":{"line":174,"column":17}},"loc":{"start":{"line":174,"column":31},"end":{"line":177,"column":17}},"line":174},"28":{"name":"(anonymous_28)","decl":{"start":{"line":182,"column":4},"end":{"line":182,"column":5}},"loc":{"start":{"line":182,"column":22},"end":{"line":195,"column":5}},"line":182},"29":{"name":"(anonymous_29)","decl":{"start":{"line":183,"column":27},"end":{"line":183,"column":28}},"loc":{"start":{"line":183,"column":48},"end":{"line":194,"column":9}},"line":183},"30":{"name":"(anonymous_30)","decl":{"start":{"line":189,"column":16},"end":{"line":189,"column":17}},"loc":{"start":{"line":189,"column":31},"end":{"line":192,"column":17}},"line":189},"31":{"name":"(anonymous_31)","decl":{"start":{"line":197,"column":4},"end":{"line":197,"column":5}},"loc":{"start":{"line":197,"column":32},"end":{"line":208,"column":5}},"line":197},"32":{"name":"(anonymous_32)","decl":{"start":{"line":198,"column":27},"end":{"line":198,"column":28}},"loc":{"start":{"line":198,"column":48},"end":{"line":207,"column":9}},"line":198},"33":{"name":"(anonymous_33)","decl":{"start":{"line":202,"column":16},"end":{"line":202,"column":17}},"loc":{"start":{"line":202,"column":31},"end":{"line":205,"column":17}},"line":202},"34":{"name":"(anonymous_34)","decl":{"start":{"line":211,"column":4},"end":{"line":211,"column":5}},"loc":{"start":{"line":211,"column":45},"end":{"line":273,"column":5}},"line":211},"35":{"name":"(anonymous_35)","decl":{"start":{"line":212,"column":27},"end":{"line":212,"column":28}},"loc":{"start":{"line":212,"column":48},"end":{"line":272,"column":9}},"line":212},"36":{"name":"(anonymous_36)","decl":{"start":{"line":222,"column":30},"end":{"line":222,"column":31}},"loc":{"start":{"line":222,"column":36},"end":{"line":271,"column":13}},"line":222},"37":{"name":"(anonymous_37)","decl":{"start":{"line":227,"column":20},"end":{"line":227,"column":21}},"loc":{"start":{"line":227,"column":34},"end":{"line":230,"column":21}},"line":227},"38":{"name":"(anonymous_38)","decl":{"start":{"line":239,"column":20},"end":{"line":239,"column":21}},"loc":{"start":{"line":239,"column":34},"end":{"line":242,"column":21}},"line":239},"39":{"name":"(anonymous_39)","decl":{"start":{"line":249,"column":20},"end":{"line":249,"column":21}},"loc":{"start":{"line":249,"column":34},"end":{"line":252,"column":21}},"line":249},"40":{"name":"(anonymous_40)","decl":{"start":{"line":263,"column":20},"end":{"line":263,"column":21}},"loc":{"start":{"line":263,"column":35},"end":{"line":269,"column":21}},"line":263},"41":{"name":"(anonymous_41)","decl":{"start":{"line":276,"column":4},"end":{"line":276,"column":5}},"loc":{"start":{"line":276,"column":37},"end":{"line":290,"column":5}},"line":276},"42":{"name":"(anonymous_42)","decl":{"start":{"line":280,"column":27},"end":{"line":280,"column":28}},"loc":{"start":{"line":280,"column":48},"end":{"line":289,"column":9}},"line":280},"43":{"name":"(anonymous_43)","decl":{"start":{"line":281,"column":30},"end":{"line":281,"column":31}},"loc":{"start":{"line":281,"column":36},"end":{"line":288,"column":13}},"line":281},"44":{"name":"(anonymous_44)","decl":{"start":{"line":284,"column":38},"end":{"line":284,"column":39}},"loc":{"start":{"line":284,"column":47},"end":{"line":287,"column":17}},"line":284},"45":{"name":"(anonymous_45)","decl":{"start":{"line":293,"column":4},"end":{"line":293,"column":5}},"loc":{"start":{"line":293,"column":31},"end":{"line":324,"column":5}},"line":293},"46":{"name":"(anonymous_46)","decl":{"start":{"line":294,"column":27},"end":{"line":294,"column":28}},"loc":{"start":{"line":294,"column":48},"end":{"line":323,"column":9}},"line":294},"47":{"name":"(anonymous_47)","decl":{"start":{"line":295,"column":45},"end":{"line":295,"column":46}},"loc":{"start":{"line":295,"column":54},"end":{"line":322,"column":13}},"line":295},"48":{"name":"(anonymous_48)","decl":{"start":{"line":303,"column":32},"end":{"line":303,"column":33}},"loc":{"start":{"line":303,"column":42},"end":{"line":311,"column":17}},"line":303},"49":{"name":"(anonymous_49)","decl":{"start":{"line":315,"column":38},"end":{"line":315,"column":39}},"loc":{"start":{"line":315,"column":47},"end":{"line":321,"column":17}},"line":315},"50":{"name":"(anonymous_50)","decl":{"start":{"line":326,"column":4},"end":{"line":326,"column":5}},"loc":{"start":{"line":326,"column":23},"end":{"line":342,"column":5}},"line":326},"51":{"name":"(anonymous_51)","decl":{"start":{"line":327,"column":27},"end":{"line":327,"column":28}},"loc":{"start":{"line":327,"column":48},"end":{"line":341,"column":9}},"line":327},"52":{"name":"(anonymous_52)","decl":{"start":{"line":328,"column":73},"end":{"line":328,"column":74}},"loc":{"start":{"line":328,"column":88},"end":{"line":340,"column":13}},"line":328},"53":{"name":"(anonymous_53)","decl":{"start":{"line":332,"column":37},"end":{"line":332,"column":38}},"loc":{"start":{"line":332,"column":45},"end":{"line":338,"column":21}},"line":332},"54":{"name":"(anonymous_54)","decl":{"start":{"line":344,"column":4},"end":{"line":344,"column":5}},"loc":{"start":{"line":344,"column":28},"end":{"line":351,"column":5}},"line":344},"55":{"name":"(anonymous_55)","decl":{"start":{"line":345,"column":27},"end":{"line":345,"column":28}},"loc":{"start":{"line":345,"column":48},"end":{"line":350,"column":9}},"line":345},"56":{"name":"(anonymous_56)","decl":{"start":{"line":346,"column":68},"end":{"line":346,"column":69}},"loc":{"start":{"line":346,"column":82},"end":{"line":349,"column":13}},"line":346},"57":{"name":"(anonymous_57)","decl":{"start":{"line":353,"column":4},"end":{"line":353,"column":5}},"loc":{"start":{"line":353,"column":41},"end":{"line":364,"column":5}},"line":353},"58":{"name":"(anonymous_58)","decl":{"start":{"line":354,"column":27},"end":{"line":354,"column":28}},"loc":{"start":{"line":354,"column":48},"end":{"line":363,"column":9}},"line":354},"59":{"name":"(anonymous_59)","decl":{"start":{"line":358,"column":16},"end":{"line":358,"column":17}},"loc":{"start":{"line":358,"column":31},"end":{"line":361,"column":17}},"line":358},"60":{"name":"(anonymous_60)","decl":{"start":{"line":367,"column":4},"end":{"line":367,"column":5}},"loc":{"start":{"line":367,"column":42},"end":{"line":382,"column":5}},"line":367},"61":{"name":"(anonymous_61)","decl":{"start":{"line":368,"column":27},"end":{"line":368,"column":28}},"loc":{"start":{"line":368,"column":48},"end":{"line":381,"column":9}},"line":368},"62":{"name":"(anonymous_62)","decl":{"start":{"line":373,"column":16},"end":{"line":373,"column":17}},"loc":{"start":{"line":373,"column":25},"end":{"line":379,"column":17}},"line":373},"63":{"name":"(anonymous_63)","decl":{"start":{"line":385,"column":4},"end":{"line":385,"column":5}},"loc":{"start":{"line":385,"column":40},"end":{"line":402,"column":5}},"line":385},"64":{"name":"(anonymous_64)","decl":{"start":{"line":386,"column":27},"end":{"line":386,"column":28}},"loc":{"start":{"line":386,"column":48},"end":{"line":401,"column":9}},"line":386},"65":{"name":"(anonymous_65)","decl":{"start":{"line":390,"column":16},"end":{"line":390,"column":17}},"loc":{"start":{"line":390,"column":31},"end":{"line":399,"column":17}},"line":390},"66":{"name":"(anonymous_66)","decl":{"start":{"line":394,"column":41},"end":{"line":394,"column":42}},"loc":{"start":{"line":394,"column":49},"end":{"line":397,"column":25}},"line":394},"67":{"name":"(anonymous_67)","decl":{"start":{"line":405,"column":4},"end":{"line":405,"column":5}},"loc":{"start":{"line":405,"column":46},"end":{"line":416,"column":5}},"line":405},"68":{"name":"(anonymous_68)","decl":{"start":{"line":406,"column":27},"end":{"line":406,"column":28}},"loc":{"start":{"line":406,"column":48},"end":{"line":415,"column":9}},"line":406},"69":{"name":"(anonymous_69)","decl":{"start":{"line":410,"column":16},"end":{"line":410,"column":17}},"loc":{"start":{"line":410,"column":31},"end":{"line":413,"column":17}},"line":410},"70":{"name":"(anonymous_70)","decl":{"start":{"line":419,"column":4},"end":{"line":419,"column":5}},"loc":{"start":{"line":419,"column":25},"end":{"line":431,"column":5}},"line":419},"71":{"name":"(anonymous_71)","decl":{"start":{"line":420,"column":27},"end":{"line":420,"column":28}},"loc":{"start":{"line":420,"column":48},"end":{"line":430,"column":9}},"line":420},"72":{"name":"(anonymous_72)","decl":{"start":{"line":421,"column":47},"end":{"line":421,"column":48}},"loc":{"start":{"line":421,"column":56},"end":{"line":429,"column":13}},"line":421}},"branchMap":{"0":{"loc":{"start":{"line":16,"column":8},"end":{"line":18,"column":9}},"type":"if","locations":[{"start":{"line":16,"column":8},"end":{"line":18,"column":9}},{"start":{},"end":{}}],"line":16},"1":{"loc":{"start":{"line":64,"column":12},"end":{"line":68,"column":13}},"type":"if","locations":[{"start":{"line":64,"column":12},"end":{"line":68,"column":13}},{"start":{},"end":{}}],"line":64},"2":{"loc":{"start":{"line":81,"column":20},"end":{"line":82,"column":46}},"type":"if","locations":[{"start":{"line":81,"column":20},"end":{"line":82,"column":46}},{"start":{"line":82,"column":25},"end":{"line":82,"column":46}}],"line":81},"3":{"loc":{"start":{"line":94,"column":20},"end":{"line":95,"column":38}},"type":"if","locations":[{"start":{"line":94,"column":20},"end":{"line":95,"column":38}},{"start":{"line":95,"column":25},"end":{"line":95,"column":38}}],"line":94},"4":{"loc":{"start":{"line":107,"column":20},"end":{"line":108,"column":38}},"type":"if","locations":[{"start":{"line":107,"column":20},"end":{"line":108,"column":38}},{"start":{"line":108,"column":25},"end":{"line":108,"column":38}}],"line":107},"5":{"loc":{"start":{"line":115,"column":45},"end":{"line":115,"column":59}},"type":"default-arg","locations":[{"start":{"line":115,"column":57},"end":{"line":115,"column":59}}],"line":115},"6":{"loc":{"start":{"line":123,"column":20},"end":{"line":124,"column":35}},"type":"if","locations":[{"start":{"line":123,"column":20},"end":{"line":124,"column":35}},{"start":{"line":124,"column":25},"end":{"line":124,"column":35}}],"line":123},"7":{"loc":{"start":{"line":133,"column":16},"end":{"line":134,"column":35}},"type":"if","locations":[{"start":{"line":133,"column":16},"end":{"line":134,"column":35}},{"start":{"line":134,"column":21},"end":{"line":134,"column":35}}],"line":133},"8":{"loc":{"start":{"line":146,"column":20},"end":{"line":147,"column":46}},"type":"if","locations":[{"start":{"line":146,"column":20},"end":{"line":147,"column":46}},{"start":{"line":147,"column":25},"end":{"line":147,"column":46}}],"line":146},"9":{"loc":{"start":{"line":162,"column":16},"end":{"line":163,"column":35}},"type":"if","locations":[{"start":{"line":162,"column":16},"end":{"line":163,"column":35}},{"start":{"line":163,"column":21},"end":{"line":163,"column":35}}],"line":162},"10":{"loc":{"start":{"line":175,"column":20},"end":{"line":176,"column":46}},"type":"if","locations":[{"start":{"line":175,"column":20},"end":{"line":176,"column":46}},{"start":{"line":176,"column":25},"end":{"line":176,"column":46}}],"line":175},"11":{"loc":{"start":{"line":190,"column":20},"end":{"line":191,"column":39}},"type":"if","locations":[{"start":{"line":190,"column":20},"end":{"line":191,"column":39}},{"start":{"line":191,"column":25},"end":{"line":191,"column":39}}],"line":190},"12":{"loc":{"start":{"line":203,"column":20},"end":{"line":204,"column":51}},"type":"if","locations":[{"start":{"line":203,"column":20},"end":{"line":204,"column":51}},{"start":{"line":204,"column":25},"end":{"line":204,"column":51}}],"line":203},"13":{"loc":{"start":{"line":228,"column":24},"end":{"line":229,"column":61}},"type":"if","locations":[{"start":{"line":228,"column":24},"end":{"line":229,"column":61}},{"start":{"line":229,"column":29},"end":{"line":229,"column":61}}],"line":228},"14":{"loc":{"start":{"line":240,"column":24},"end":{"line":241,"column":61}},"type":"if","locations":[{"start":{"line":240,"column":24},"end":{"line":241,"column":61}},{"start":{"line":241,"column":29},"end":{"line":241,"column":61}}],"line":240},"15":{"loc":{"start":{"line":241,"column":45},"end":{"line":241,"column":60}},"type":"binary-expr","locations":[{"start":{"line":241,"column":45},"end":{"line":241,"column":55}},{"start":{"line":241,"column":59},"end":{"line":241,"column":60}}],"line":241},"16":{"loc":{"start":{"line":250,"column":24},"end":{"line":251,"column":73}},"type":"if","locations":[{"start":{"line":250,"column":24},"end":{"line":251,"column":73}},{"start":{"line":251,"column":29},"end":{"line":251,"column":73}}],"line":250},"17":{"loc":{"start":{"line":251,"column":53},"end":{"line":251,"column":72}},"type":"binary-expr","locations":[{"start":{"line":251,"column":53},"end":{"line":251,"column":67}},{"start":{"line":251,"column":71},"end":{"line":251,"column":72}}],"line":251},"18":{"loc":{"start":{"line":264,"column":24},"end":{"line":268,"column":25}},"type":"if","locations":[{"start":{"line":264,"column":24},"end":{"line":268,"column":25}},{"start":{"line":265,"column":29},"end":{"line":268,"column":25}}],"line":264},"19":{"loc":{"start":{"line":285,"column":20},"end":{"line":286,"column":35}},"type":"if","locations":[{"start":{"line":285,"column":20},"end":{"line":286,"column":35}},{"start":{"line":286,"column":25},"end":{"line":286,"column":35}}],"line":285},"20":{"loc":{"start":{"line":296,"column":16},"end":{"line":299,"column":17}},"type":"if","locations":[{"start":{"line":296,"column":16},"end":{"line":299,"column":17}},{"start":{},"end":{}}],"line":296},"21":{"loc":{"start":{"line":306,"column":24},"end":{"line":306,"column":47}},"type":"binary-expr","locations":[{"start":{"line":306,"column":24},"end":{"line":306,"column":39}},{"start":{"line":306,"column":43},"end":{"line":306,"column":47}}],"line":306},"22":{"loc":{"start":{"line":307,"column":24},"end":{"line":307,"column":50}},"type":"binary-expr","locations":[{"start":{"line":307,"column":24},"end":{"line":307,"column":37}},{"start":{"line":307,"column":41},"end":{"line":307,"column":50}}],"line":307},"23":{"loc":{"start":{"line":308,"column":24},"end":{"line":308,"column":43}},"type":"binary-expr","locations":[{"start":{"line":308,"column":24},"end":{"line":308,"column":38}},{"start":{"line":308,"column":42},"end":{"line":308,"column":43}}],"line":308},"24":{"loc":{"start":{"line":309,"column":24},"end":{"line":309,"column":67}},"type":"binary-expr","locations":[{"start":{"line":309,"column":24},"end":{"line":309,"column":39}},{"start":{"line":309,"column":43},"end":{"line":309,"column":67}}],"line":309},"25":{"loc":{"start":{"line":316,"column":20},"end":{"line":320,"column":21}},"type":"if","locations":[{"start":{"line":316,"column":20},"end":{"line":320,"column":21}},{"start":{"line":318,"column":27},"end":{"line":320,"column":21}}],"line":316},"26":{"loc":{"start":{"line":329,"column":16},"end":{"line":339,"column":17}},"type":"if","locations":[{"start":{"line":329,"column":16},"end":{"line":339,"column":17}},{"start":{"line":331,"column":23},"end":{"line":339,"column":17}}],"line":329},"27":{"loc":{"start":{"line":347,"column":16},"end":{"line":348,"column":34}},"type":"if","locations":[{"start":{"line":347,"column":16},"end":{"line":348,"column":34}},{"start":{"line":348,"column":21},"end":{"line":348,"column":34}}],"line":347},"28":{"loc":{"start":{"line":359,"column":20},"end":{"line":360,"column":47}},"type":"if","locations":[{"start":{"line":359,"column":20},"end":{"line":360,"column":47}},{"start":{"line":360,"column":25},"end":{"line":360,"column":47}}],"line":359},"29":{"loc":{"start":{"line":374,"column":20},"end":{"line":378,"column":21}},"type":"if","locations":[{"start":{"line":374,"column":20},"end":{"line":378,"column":21}},{"start":{"line":376,"column":27},"end":{"line":378,"column":21}}],"line":374},"30":{"loc":{"start":{"line":385,"column":28},"end":{"line":385,"column":38}},"type":"default-arg","locations":[{"start":{"line":385,"column":36},"end":{"line":385,"column":38}}],"line":385},"31":{"loc":{"start":{"line":391,"column":20},"end":{"line":398,"column":21}},"type":"if","locations":[{"start":{"line":391,"column":20},"end":{"line":398,"column":21}},{"start":{"line":393,"column":27},"end":{"line":398,"column":21}}],"line":391},"32":{"loc":{"start":{"line":405,"column":30},"end":{"line":405,"column":44}},"type":"default-arg","locations":[{"start":{"line":405,"column":43},"end":{"line":405,"column":44}}],"line":405},"33":{"loc":{"start":{"line":411,"column":20},"end":{"line":412,"column":47}},"type":"if","locations":[{"start":{"line":411,"column":20},"end":{"line":412,"column":47}},{"start":{"line":412,"column":25},"end":{"line":412,"column":47}}],"line":411},"34":{"loc":{"start":{"line":422,"column":16},"end":{"line":428,"column":17}},"type":"if","locations":[{"start":{"line":422,"column":16},"end":{"line":428,"column":17}},{"start":{"line":425,"column":23},"end":{"line":428,"column":17}}],"line":422}},"s":{"0":0,"1":0,"2":0,"3":0,"4":0,"5":0,"6":0,"7":0,"8":0,"9":0,"10":0,"11":0,"12":0,"13":0,"14":0,"15":0,"16":0,"17":0,"18":0,"19":0,"20":0,"21":0,"22":0,"23":0,"24":0,"25":0,"26":0,"27":0,"28":0,"29":0,"30":0,"31":0,"32":0,"33":0,"34":0,"35":0,"36":0,"37":0,"38":0,"39":0,"40":0,"41":0,"42":0,"43":0,"44":0,"45":0,"46":0,"47":0,"48":0,"49":0,"50":0,"51":0,"52":0,"53":0,"54":0,"55":0,"56":0,"57":0,"58":0,"59":0,"60":0,"61":0,"62":0,"63":0,"64":0,"65":0,"66":0,"67":0,"68":0,"69":0,"70":0,"71":0,"72":0,"73":0,"74":0,"75":0,"76":0,"77":0,"78":0,"79":0,"80":0,"81":0,"82":0,"83":0,"84":0,"85":0,"86":0,"87":0,"88":0,"89":0,"90":0,"91":0,"92":0,"93":0,"94":0,"95":0,"96":0,"97":0,"98":0,"99":0,"100":0,"101":0,"102":0,"103":0,"104":0,"105":0,"106":0,"107":0,"108":0,"109":0,"110":0,"111":0,"112":0,"113":0,"114":0,"115":0,"116":0,"117":0,"118":0,"119":0,"120":0,"121":0,"122":0,"123":0,"124":0,"125":0,"126":0,"127":0,"128":0,"129":0,"130":0,"131":0,"132":0,"133":0,"134":0,"135":0,"136":0,"137":0,"138":0,"139":0,"140":0,"141":0,"142":0,"143":0,"144":0,"145":0,"146":0,"147":0,"148":0,"149":0,"150":0,"151":0,"152":0,"153":0,"154":0,"155":0,"156":0,"157":0},"f":{"0":0,"1":0,"2":0,"3":0,"4":0,"5":0,"6":0,"7":0,"8":0,"9":0,"10":0,"11":0,"12":0,"13":0,"14":0,"15":0,"16":0,"17":0,"18":0,"19":0,"20":0,"21":0,"22":0,"23":0,"24":0,"25":0,"26":0,"27":0,"28":0,"29":0,"30":0,"31":0,"32":0,"33":0,"34":0,"35":0,"36":0,"37":0,"38":0,"39":0,"40":0,"41":0,"42":0,"43":0,"44":0,"45":0,"46":0,"47":0,"48":0,"49":0,"50":0,"51":0,"52":0,"53":0,"54":0,"55":0,"56":0,"57":0,"58":0,"59":0,"60":0,"61":0,"62":0,"63":0,"64":0,"65":0,"66":0,"67":0,"68":0,"69":0,"70":0,"71":0,"72":0},"b":{"0":[0,0],"1":[0,0],"2":[0,0],"3":[0,0],"4":[0,0],"5":[0],"6":[0,0],"7":[0,0],"8":[0,0],"9":[0,0],"10":[0,0],"11":[0,0],"12":[0,0],"13":[0,0],"14":[0,0],"15":[0,0],"16":[0,0],"17":[0,0],"18":[0,0],"19":[0,0],"20":[0,0],"21":[0,0],"22":[0,0],"23":[0,0],"24":[0,0],"25":[0,0],"26":[0,0],"27":[0,0],"28":[0,0],"29":[0,0],"30":[0],"31":[0,0],"32":[0],"33":[0,0],"34":[0,0]}}
,"/Users/cyp/Documents/work/web/surveillance-reseau/src/index.js": {"path":"/Users/cyp/Documents/work/web/surveillance-reseau/src/index.js","statementMap":{"0":{"start":{"line":1,"column":16},"end":{"line":1,"column":34}},"1":{"start":{"line":2,"column":13},"end":{"line":2,"column":28}},"2":{"start":{"line":3,"column":17},"end":{"line":3,"column":37}},"3":{"start":{"line":4,"column":13},"end":{"line":4,"column":28}},"4":{"start":{"line":5,"column":16},"end":{"line":5,"column":42}},"5":{"start":{"line":6,"column":20},"end":{"line":6,"column":55}},"6":{"start":{"line":7,"column":13},"end":{"line":7,"column":28}},"7":{"start":{"line":8,"column":23},"end":{"line":8,"column":51}},"8":{"start":{"line":9,"column":18},"end":{"line":9,"column":41}},"9":{"start":{"line":10,"column":13},"end":{"line":10,"column":30}},"10":{"start":{"line":11,"column":17},"end":{"line":11,"column":38}},"11":{"start":{"line":12,"column":11},"end":{"line":12,"column":32}},"12":{"start":{"line":13,"column":17},"end":{"line":13,"column":41}},"13":{"start":{"line":14,"column":22},"end":{"line":14,"column":37}},"14":{"start":{"line":15,"column":18},"end":{"line":15,"column":33}},"15":{"start":{"line":17,"column":12},"end":{"line":17,"column":21}},"16":{"start":{"line":18,"column":15},"end":{"line":18,"column":37}},"17":{"start":{"line":19,"column":11},"end":{"line":19,"column":27}},"18":{"start":{"line":20,"column":23},"end":{"line":20,"column":43}},"19":{"start":{"line":21,"column":18},"end":{"line":21,"column":33}},"20":{"start":{"line":24,"column":0},"end":{"line":24,"column":24}},"21":{"start":{"line":25,"column":0},"end":{"line":25,"column":56}},"22":{"start":{"line":28,"column":0},"end":{"line":40,"column":4}},"23":{"start":{"line":43,"column":0},"end":{"line":46,"column":3}},"24":{"start":{"line":44,"column":4},"end":{"line":44,"column":42}},"25":{"start":{"line":45,"column":4},"end":{"line":45,"column":65}},"26":{"start":{"line":49,"column":0},"end":{"line":60,"column":3}},"27":{"start":{"line":50,"column":4},"end":{"line":59,"column":5}},"28":{"start":{"line":51,"column":46},"end":{"line":51,"column":54}},"29":{"start":{"line":52,"column":8},"end":{"line":54,"column":9}},"30":{"start":{"line":53,"column":12},"end":{"line":53,"column":84}},"31":{"start":{"line":55,"column":23},"end":{"line":55,"column":69}},"32":{"start":{"line":56,"column":8},"end":{"line":56,"column":25}},"33":{"start":{"line":58,"column":8},"end":{"line":58,"column":57}},"34":{"start":{"line":62,"column":0},"end":{"line":73,"column":3}},"35":{"start":{"line":63,"column":4},"end":{"line":72,"column":5}},"36":{"start":{"line":64,"column":39},"end":{"line":64,"column":47}},"37":{"start":{"line":65,"column":8},"end":{"line":67,"column":9}},"38":{"start":{"line":66,"column":12},"end":{"line":66,"column":98}},"39":{"start":{"line":68,"column":23},"end":{"line":68,"column":59}},"40":{"start":{"line":69,"column":8},"end":{"line":69,"column":25}},"41":{"start":{"line":71,"column":8},"end":{"line":71,"column":57}},"42":{"start":{"line":75,"column":0},"end":{"line":90,"column":3}},"43":{"start":{"line":76,"column":4},"end":{"line":89,"column":5}},"44":{"start":{"line":78,"column":8},"end":{"line":85,"column":11}},"45":{"start":{"line":79,"column":12},"end":{"line":82,"column":13}},"46":{"start":{"line":80,"column":16},"end":{"line":80,"column":83}},"47":{"start":{"line":81,"column":16},"end":{"line":81,"column":90}},"48":{"start":{"line":83,"column":12},"end":{"line":83,"column":43}},"49":{"start":{"line":84,"column":12},"end":{"line":84,"column":57}},"50":{"start":{"line":87,"column":8},"end":{"line":87,"column":63}},"51":{"start":{"line":88,"column":8},"end":{"line":88,"column":75}},"52":{"start":{"line":93,"column":0},"end":{"line":133,"column":3}},"53":{"start":{"line":94,"column":4},"end":{"line":132,"column":5}},"54":{"start":{"line":95,"column":27},"end":{"line":95,"column":52}},"55":{"start":{"line":96,"column":8},"end":{"line":98,"column":9}},"56":{"start":{"line":97,"column":12},"end":{"line":97,"column":71}},"57":{"start":{"line":100,"column":32},"end":{"line":100,"column":53}},"58":{"start":{"line":101,"column":8},"end":{"line":103,"column":9}},"59":{"start":{"line":102,"column":12},"end":{"line":102,"column":81}},"60":{"start":{"line":105,"column":24},"end":{"line":105,"column":47}},"61":{"start":{"line":106,"column":21},"end":{"line":106,"column":55}},"62":{"start":{"line":107,"column":8},"end":{"line":109,"column":9}},"63":{"start":{"line":108,"column":12},"end":{"line":108,"column":79}},"64":{"start":{"line":112,"column":24},"end":{"line":117,"column":10}},"65":{"start":{"line":113,"column":12},"end":{"line":116,"column":15}},"66":{"start":{"line":114,"column":16},"end":{"line":114,"column":37}},"67":{"start":{"line":114,"column":25},"end":{"line":114,"column":37}},"68":{"start":{"line":115,"column":16},"end":{"line":115,"column":33}},"69":{"start":{"line":119,"column":8},"end":{"line":121,"column":9}},"70":{"start":{"line":120,"column":12},"end":{"line":120,"column":72}},"71":{"start":{"line":123,"column":8},"end":{"line":129,"column":11}},"72":{"start":{"line":131,"column":8},"end":{"line":131,"column":57}},"73":{"start":{"line":136,"column":0},"end":{"line":141,"column":3}},"74":{"start":{"line":137,"column":4},"end":{"line":139,"column":5}},"75":{"start":{"line":138,"column":8},"end":{"line":138,"column":68}},"76":{"start":{"line":140,"column":4},"end":{"line":140,"column":30}},"77":{"start":{"line":144,"column":0},"end":{"line":152,"column":3}},"78":{"start":{"line":145,"column":4},"end":{"line":151,"column":5}},"79":{"start":{"line":146,"column":24},"end":{"line":146,"column":45}},"80":{"start":{"line":147,"column":8},"end":{"line":147,"column":30}},"81":{"start":{"line":149,"column":8},"end":{"line":149,"column":78}},"82":{"start":{"line":150,"column":8},"end":{"line":150,"column":88}},"83":{"start":{"line":154,"column":0},"end":{"line":163,"column":3}},"84":{"start":{"line":155,"column":4},"end":{"line":162,"column":5}},"85":{"start":{"line":156,"column":29},"end":{"line":156,"column":39}},"86":{"start":{"line":157,"column":39},"end":{"line":157,"column":48}},"87":{"start":{"line":158,"column":24},"end":{"line":158,"column":73}},"88":{"start":{"line":159,"column":8},"end":{"line":159,"column":26}},"89":{"start":{"line":161,"column":8},"end":{"line":161,"column":57}},"90":{"start":{"line":165,"column":0},"end":{"line":173,"column":3}},"91":{"start":{"line":166,"column":4},"end":{"line":172,"column":5}},"92":{"start":{"line":167,"column":23},"end":{"line":167,"column":43}},"93":{"start":{"line":168,"column":8},"end":{"line":168,"column":29}},"94":{"start":{"line":170,"column":8},"end":{"line":170,"column":76}},"95":{"start":{"line":171,"column":8},"end":{"line":171,"column":58}},"96":{"start":{"line":175,"column":0},"end":{"line":183,"column":3}},"97":{"start":{"line":176,"column":4},"end":{"line":182,"column":5}},"98":{"start":{"line":177,"column":28},"end":{"line":177,"column":38}},"99":{"start":{"line":178,"column":8},"end":{"line":178,"column":39}},"100":{"start":{"line":179,"column":8},"end":{"line":179,"column":48}},"101":{"start":{"line":181,"column":8},"end":{"line":181,"column":57}},"102":{"start":{"line":185,"column":0},"end":{"line":198,"column":3}},"103":{"start":{"line":186,"column":4},"end":{"line":197,"column":5}},"104":{"start":{"line":187,"column":39},"end":{"line":187,"column":47}},"105":{"start":{"line":188,"column":8},"end":{"line":190,"column":9}},"106":{"start":{"line":189,"column":12},"end":{"line":189,"column":69}},"107":{"start":{"line":192,"column":23},"end":{"line":192,"column":66}},"108":{"start":{"line":193,"column":8},"end":{"line":193,"column":25}},"109":{"start":{"line":195,"column":8},"end":{"line":195,"column":73}},"110":{"start":{"line":196,"column":8},"end":{"line":196,"column":58}},"111":{"start":{"line":201,"column":0},"end":{"line":298,"column":3}},"112":{"start":{"line":202,"column":4},"end":{"line":297,"column":5}},"113":{"start":{"line":203,"column":8},"end":{"line":203,"column":51}},"114":{"start":{"line":204,"column":24},"end":{"line":204,"column":40}},"115":{"start":{"line":205,"column":26},"end":{"line":205,"column":35}},"116":{"start":{"line":208,"column":8},"end":{"line":208,"column":32}},"117":{"start":{"line":211,"column":8},"end":{"line":284,"column":9}},"118":{"start":{"line":211,"column":21},"end":{"line":211,"column":22}},"119":{"start":{"line":212,"column":23},"end":{"line":212,"column":39}},"120":{"start":{"line":213,"column":12},"end":{"line":283,"column":13}},"121":{"start":{"line":214,"column":31},"end":{"line":217,"column":18}},"122":{"start":{"line":219,"column":16},"end":{"line":280,"column":17}},"123":{"start":{"line":220,"column":20},"end":{"line":220,"column":58}},"124":{"start":{"line":221,"column":35},"end":{"line":221,"column":44}},"125":{"start":{"line":222,"column":30},"end":{"line":222,"column":39}},"126":{"start":{"line":223,"column":33},"end":{"line":223,"column":42}},"127":{"start":{"line":226,"column":20},"end":{"line":279,"column":21}},"128":{"start":{"line":228,"column":55},"end":{"line":228,"column":108}},"129":{"start":{"line":229,"column":24},"end":{"line":241,"column":25}},"130":{"start":{"line":231,"column":45},"end":{"line":231,"column":104}},"131":{"start":{"line":232,"column":28},"end":{"line":234,"column":29}},"132":{"start":{"line":233,"column":32},"end":{"line":233,"column":50}},"133":{"start":{"line":237,"column":50},"end":{"line":237,"column":103}},"134":{"start":{"line":238,"column":28},"end":{"line":240,"column":29}},"135":{"start":{"line":239,"column":32},"end":{"line":239,"column":60}},"136":{"start":{"line":244,"column":24},"end":{"line":252,"column":25}},"137":{"start":{"line":245,"column":61},"end":{"line":245,"column":119}},"138":{"start":{"line":246,"column":28},"end":{"line":251,"column":29}},"139":{"start":{"line":247,"column":52},"end":{"line":247,"column":121}},"140":{"start":{"line":248,"column":32},"end":{"line":250,"column":33}},"141":{"start":{"line":249,"column":36},"end":{"line":249,"column":67}},"142":{"start":{"line":255,"column":56},"end":{"line":255,"column":95}},"143":{"start":{"line":256,"column":40},"end":{"line":256,"column":42}},"144":{"start":{"line":257,"column":24},"end":{"line":265,"column":25}},"145":{"start":{"line":258,"column":48},"end":{"line":258,"column":109}},"146":{"start":{"line":259,"column":28},"end":{"line":264,"column":29}},"147":{"start":{"line":260,"column":32},"end":{"line":263,"column":35}},"148":{"start":{"line":267,"column":24},"end":{"line":276,"column":27}},"149":{"start":{"line":278,"column":24},"end":{"line":278,"column":114}},"150":{"start":{"line":282,"column":16},"end":{"line":282,"column":76}},"151":{"start":{"line":287,"column":24},"end":{"line":287,"column":45}},"152":{"start":{"line":290,"column":8},"end":{"line":290,"column":38}},"153":{"start":{"line":292,"column":8},"end":{"line":292,"column":43}},"154":{"start":{"line":293,"column":8},"end":{"line":293,"column":26}},"155":{"start":{"line":295,"column":8},"end":{"line":295,"column":60}},"156":{"start":{"line":296,"column":8},"end":{"line":296,"column":70}},"157":{"start":{"line":300,"column":0},"end":{"line":308,"column":3}},"158":{"start":{"line":301,"column":4},"end":{"line":307,"column":5}},"159":{"start":{"line":302,"column":23},"end":{"line":302,"column":53}},"160":{"start":{"line":303,"column":8},"end":{"line":303,"column":39}},"161":{"start":{"line":304,"column":8},"end":{"line":304,"column":25}},"162":{"start":{"line":306,"column":8},"end":{"line":306,"column":57}},"163":{"start":{"line":310,"column":0},"end":{"line":318,"column":3}},"164":{"start":{"line":311,"column":4},"end":{"line":317,"column":5}},"165":{"start":{"line":312,"column":39},"end":{"line":312,"column":48}},"166":{"start":{"line":313,"column":24},"end":{"line":313,"column":72}},"167":{"start":{"line":314,"column":8},"end":{"line":314,"column":26}},"168":{"start":{"line":316,"column":8},"end":{"line":316,"column":57}},"169":{"start":{"line":321,"column":0},"end":{"line":347,"column":3}},"170":{"start":{"line":322,"column":4},"end":{"line":346,"column":5}},"171":{"start":{"line":323,"column":23},"end":{"line":323,"column":33}},"172":{"start":{"line":324,"column":23},"end":{"line":327,"column":10}},"173":{"start":{"line":329,"column":8},"end":{"line":342,"column":9}},"174":{"start":{"line":331,"column":12},"end":{"line":331,"column":54}},"175":{"start":{"line":332,"column":12},"end":{"line":335,"column":15}},"176":{"start":{"line":337,"column":12},"end":{"line":337,"column":55}},"177":{"start":{"line":338,"column":12},"end":{"line":341,"column":15}},"178":{"start":{"line":344,"column":8},"end":{"line":344,"column":73}},"179":{"start":{"line":345,"column":8},"end":{"line":345,"column":63}},"180":{"start":{"line":350,"column":0},"end":{"line":369,"column":3}},"181":{"start":{"line":351,"column":4},"end":{"line":368,"column":5}},"182":{"start":{"line":352,"column":8},"end":{"line":352,"column":62}},"183":{"start":{"line":353,"column":26},"end":{"line":353,"column":36}},"184":{"start":{"line":355,"column":25},"end":{"line":357,"column":10}},"185":{"start":{"line":359,"column":24},"end":{"line":359,"column":34}},"186":{"start":{"line":360,"column":25},"end":{"line":360,"column":53}},"187":{"start":{"line":361,"column":22},"end":{"line":361,"column":41}},"188":{"start":{"line":363,"column":8},"end":{"line":363,"column":80}},"189":{"start":{"line":364,"column":8},"end":{"line":364,"column":28}},"190":{"start":{"line":366,"column":8},"end":{"line":366,"column":71}},"191":{"start":{"line":367,"column":8},"end":{"line":367,"column":81}},"192":{"start":{"line":371,"column":0},"end":{"line":395,"column":3}},"193":{"start":{"line":372,"column":4},"end":{"line":394,"column":5}},"194":{"start":{"line":373,"column":8},"end":{"line":373,"column":54}},"195":{"start":{"line":374,"column":26},"end":{"line":374,"column":36}},"196":{"start":{"line":376,"column":25},"end":{"line":383,"column":10}},"197":{"start":{"line":385,"column":24},"end":{"line":385,"column":34}},"198":{"start":{"line":386,"column":25},"end":{"line":386,"column":53}},"199":{"start":{"line":387,"column":22},"end":{"line":387,"column":41}},"200":{"start":{"line":389,"column":8},"end":{"line":389,"column":71}},"201":{"start":{"line":390,"column":8},"end":{"line":390,"column":28}},"202":{"start":{"line":392,"column":8},"end":{"line":392,"column":63}},"203":{"start":{"line":393,"column":8},"end":{"line":393,"column":73}},"204":{"start":{"line":398,"column":0},"end":{"line":415,"column":3}},"205":{"start":{"line":399,"column":4},"end":{"line":414,"column":5}},"206":{"start":{"line":400,"column":23},"end":{"line":403,"column":10}},"207":{"start":{"line":405,"column":8},"end":{"line":410,"column":9}},"208":{"start":{"line":406,"column":12},"end":{"line":406,"column":57}},"209":{"start":{"line":407,"column":12},"end":{"line":407,"column":47}},"210":{"start":{"line":409,"column":12},"end":{"line":409,"column":80}},"211":{"start":{"line":412,"column":8},"end":{"line":412,"column":69}},"212":{"start":{"line":413,"column":8},"end":{"line":413,"column":79}},"213":{"start":{"line":418,"column":0},"end":{"line":426,"column":3}},"214":{"start":{"line":419,"column":4},"end":{"line":425,"column":5}},"215":{"start":{"line":420,"column":24},"end":{"line":420,"column":52}},"216":{"start":{"line":421,"column":8},"end":{"line":421,"column":30}},"217":{"start":{"line":423,"column":8},"end":{"line":423,"column":81}},"218":{"start":{"line":424,"column":8},"end":{"line":424,"column":91}},"219":{"start":{"line":429,"column":0},"end":{"line":431,"column":3}},"220":{"start":{"line":430,"column":4},"end":{"line":430,"column":63}},"221":{"start":{"line":434,"column":0},"end":{"line":436,"column":3}},"222":{"start":{"line":435,"column":4},"end":{"line":435,"column":59}},"223":{"start":{"line":439,"column":0},"end":{"line":458,"column":3}},"224":{"start":{"line":440,"column":23},"end":{"line":440,"column":50}},"225":{"start":{"line":441,"column":4},"end":{"line":443,"column":5}},"226":{"start":{"line":442,"column":8},"end":{"line":442,"column":49}},"227":{"start":{"line":446,"column":18},"end":{"line":448,"column":20}},"228":{"start":{"line":450,"column":4},"end":{"line":457,"column":5}},"229":{"start":{"line":451,"column":24},"end":{"line":451,"column":47}},"230":{"start":{"line":452,"column":8},"end":{"line":452,"column":30}},"231":{"start":{"line":453,"column":8},"end":{"line":453,"column":15}},"232":{"start":{"line":455,"column":8},"end":{"line":455,"column":65}},"233":{"start":{"line":456,"column":8},"end":{"line":456,"column":42}},"234":{"start":{"line":460,"column":0},"end":{"line":472,"column":3}},"235":{"start":{"line":461,"column":4},"end":{"line":461,"column":43}},"236":{"start":{"line":463,"column":4},"end":{"line":465,"column":7}},"237":{"start":{"line":464,"column":8},"end":{"line":464,"column":41}},"238":{"start":{"line":468,"column":4},"end":{"line":471,"column":7}},"239":{"start":{"line":469,"column":8},"end":{"line":469,"column":59}},"240":{"start":{"line":470,"column":8},"end":{"line":470,"column":57}},"241":{"start":{"line":475,"column":0},"end":{"line":477,"column":3}},"242":{"start":{"line":476,"column":4},"end":{"line":476,"column":38}},"243":{"start":{"line":479,"column":0},"end":{"line":481,"column":3}},"244":{"start":{"line":480,"column":4},"end":{"line":480,"column":36}},"245":{"start":{"line":483,"column":0},"end":{"line":490,"column":3}},"246":{"start":{"line":484,"column":4},"end":{"line":484,"column":28}},"247":{"start":{"line":485,"column":4},"end":{"line":489,"column":5}},"248":{"start":{"line":486,"column":8},"end":{"line":486,"column":40}},"249":{"start":{"line":488,"column":8},"end":{"line":488,"column":70}},"250":{"start":{"line":493,"column":13},"end":{"line":493,"column":37}},"251":{"start":{"line":494,"column":0},"end":{"line":496,"column":3}},"252":{"start":{"line":495,"column":4},"end":{"line":495,"column":55}}},"fnMap":{"0":{"name":"(anonymous_0)","decl":{"start":{"line":43,"column":8},"end":{"line":43,"column":9}},"loc":{"start":{"line":43,"column":33},"end":{"line":46,"column":1}},"line":43},"1":{"name":"(anonymous_1)","decl":{"start":{"line":49,"column":31},"end":{"line":49,"column":32}},"loc":{"start":{"line":49,"column":51},"end":{"line":60,"column":1}},"line":49},"2":{"name":"(anonymous_2)","decl":{"start":{"line":62,"column":28},"end":{"line":62,"column":29}},"loc":{"start":{"line":62,"column":48},"end":{"line":73,"column":1}},"line":62},"3":{"name":"(anonymous_3)","decl":{"start":{"line":75,"column":29},"end":{"line":75,"column":30}},"loc":{"start":{"line":75,"column":43},"end":{"line":90,"column":1}},"line":75},"4":{"name":"(anonymous_4)","decl":{"start":{"line":78,"column":28},"end":{"line":78,"column":29}},"loc":{"start":{"line":78,"column":37},"end":{"line":85,"column":9}},"line":78},"5":{"name":"(anonymous_5)","decl":{"start":{"line":93,"column":28},"end":{"line":93,"column":29}},"loc":{"start":{"line":93,"column":48},"end":{"line":133,"column":1}},"line":93},"6":{"name":"(anonymous_6)","decl":{"start":{"line":112,"column":42},"end":{"line":112,"column":43}},"loc":{"start":{"line":112,"column":63},"end":{"line":117,"column":9}},"line":112},"7":{"name":"(anonymous_7)","decl":{"start":{"line":113,"column":48},"end":{"line":113,"column":49}},"loc":{"start":{"line":113,"column":66},"end":{"line":116,"column":13}},"line":113},"8":{"name":"(anonymous_8)","decl":{"start":{"line":136,"column":27},"end":{"line":136,"column":28}},"loc":{"start":{"line":136,"column":41},"end":{"line":141,"column":1}},"line":136},"9":{"name":"(anonymous_9)","decl":{"start":{"line":144,"column":51},"end":{"line":144,"column":52}},"loc":{"start":{"line":144,"column":71},"end":{"line":152,"column":1}},"line":144},"10":{"name":"(anonymous_10)","decl":{"start":{"line":154,"column":53},"end":{"line":154,"column":54}},"loc":{"start":{"line":154,"column":73},"end":{"line":163,"column":1}},"line":154},"11":{"name":"(anonymous_11)","decl":{"start":{"line":165,"column":23},"end":{"line":165,"column":24}},"loc":{"start":{"line":165,"column":43},"end":{"line":173,"column":1}},"line":165},"12":{"name":"(anonymous_12)","decl":{"start":{"line":175,"column":60},"end":{"line":175,"column":61}},"loc":{"start":{"line":175,"column":80},"end":{"line":183,"column":1}},"line":175},"13":{"name":"(anonymous_13)","decl":{"start":{"line":185,"column":34},"end":{"line":185,"column":35}},"loc":{"start":{"line":185,"column":54},"end":{"line":198,"column":1}},"line":185},"14":{"name":"(anonymous_14)","decl":{"start":{"line":201,"column":49},"end":{"line":201,"column":50}},"loc":{"start":{"line":201,"column":69},"end":{"line":298,"column":1}},"line":201},"15":{"name":"(anonymous_15)","decl":{"start":{"line":300,"column":55},"end":{"line":300,"column":56}},"loc":{"start":{"line":300,"column":75},"end":{"line":308,"column":1}},"line":300},"16":{"name":"(anonymous_16)","decl":{"start":{"line":310,"column":57},"end":{"line":310,"column":58}},"loc":{"start":{"line":310,"column":77},"end":{"line":318,"column":1}},"line":310},"17":{"name":"(anonymous_17)","decl":{"start":{"line":321,"column":52},"end":{"line":321,"column":53}},"loc":{"start":{"line":321,"column":72},"end":{"line":347,"column":1}},"line":321},"18":{"name":"(anonymous_18)","decl":{"start":{"line":350,"column":63},"end":{"line":350,"column":64}},"loc":{"start":{"line":350,"column":83},"end":{"line":369,"column":1}},"line":350},"19":{"name":"(anonymous_19)","decl":{"start":{"line":371,"column":62},"end":{"line":371,"column":63}},"loc":{"start":{"line":371,"column":82},"end":{"line":395,"column":1}},"line":371},"20":{"name":"(anonymous_20)","decl":{"start":{"line":398,"column":51},"end":{"line":398,"column":52}},"loc":{"start":{"line":398,"column":71},"end":{"line":415,"column":1}},"line":398},"21":{"name":"(anonymous_21)","decl":{"start":{"line":418,"column":59},"end":{"line":418,"column":60}},"loc":{"start":{"line":418,"column":79},"end":{"line":426,"column":1}},"line":418},"22":{"name":"(anonymous_22)","decl":{"start":{"line":429,"column":13},"end":{"line":429,"column":14}},"loc":{"start":{"line":429,"column":27},"end":{"line":431,"column":1}},"line":429},"23":{"name":"(anonymous_23)","decl":{"start":{"line":434,"column":8},"end":{"line":434,"column":9}},"loc":{"start":{"line":434,"column":22},"end":{"line":436,"column":1}},"line":434},"24":{"name":"(anonymous_24)","decl":{"start":{"line":439,"column":7},"end":{"line":439,"column":8}},"loc":{"start":{"line":439,"column":25},"end":{"line":458,"column":1}},"line":439},"25":{"name":"(anonymous_25)","decl":{"start":{"line":460,"column":20},"end":{"line":460,"column":21}},"loc":{"start":{"line":460,"column":32},"end":{"line":472,"column":1}},"line":460},"26":{"name":"(anonymous_26)","decl":{"start":{"line":463,"column":28},"end":{"line":463,"column":29}},"loc":{"start":{"line":463,"column":34},"end":{"line":465,"column":5}},"line":463},"27":{"name":"(anonymous_27)","decl":{"start":{"line":468,"column":32},"end":{"line":468,"column":33}},"loc":{"start":{"line":468,"column":43},"end":{"line":471,"column":5}},"line":468},"28":{"name":"(anonymous_28)","decl":{"start":{"line":475,"column":36},"end":{"line":475,"column":37}},"loc":{"start":{"line":475,"column":49},"end":{"line":477,"column":1}},"line":475},"29":{"name":"(anonymous_29)","decl":{"start":{"line":479,"column":36},"end":{"line":479,"column":37}},"loc":{"start":{"line":479,"column":46},"end":{"line":481,"column":1}},"line":479},"30":{"name":"(anonymous_30)","decl":{"start":{"line":483,"column":27},"end":{"line":483,"column":28}},"loc":{"start":{"line":483,"column":44},"end":{"line":490,"column":1}},"line":483},"31":{"name":"(anonymous_31)","decl":{"start":{"line":494,"column":20},"end":{"line":494,"column":21}},"loc":{"start":{"line":494,"column":26},"end":{"line":496,"column":1}},"line":494}},"branchMap":{"0":{"loc":{"start":{"line":33,"column":12},"end":{"line":33,"column":59}},"type":"binary-expr","locations":[{"start":{"line":33,"column":12},"end":{"line":33,"column":38}},{"start":{"line":33,"column":42},"end":{"line":33,"column":59}}],"line":33},"1":{"loc":{"start":{"line":52,"column":8},"end":{"line":54,"column":9}},"type":"if","locations":[{"start":{"line":52,"column":8},"end":{"line":54,"column":9}},{"start":{},"end":{}}],"line":52},"2":{"loc":{"start":{"line":52,"column":12},"end":{"line":52,"column":44}},"type":"binary-expr","locations":[{"start":{"line":52,"column":12},"end":{"line":52,"column":21}},{"start":{"line":52,"column":25},"end":{"line":52,"column":34}},{"start":{"line":52,"column":38},"end":{"line":52,"column":44}}],"line":52},"3":{"loc":{"start":{"line":65,"column":8},"end":{"line":67,"column":9}},"type":"if","locations":[{"start":{"line":65,"column":8},"end":{"line":67,"column":9}},{"start":{},"end":{}}],"line":65},"4":{"loc":{"start":{"line":65,"column":12},"end":{"line":65,"column":34}},"type":"binary-expr","locations":[{"start":{"line":65,"column":12},"end":{"line":65,"column":21}},{"start":{"line":65,"column":25},"end":{"line":65,"column":34}}],"line":65},"5":{"loc":{"start":{"line":79,"column":12},"end":{"line":82,"column":13}},"type":"if","locations":[{"start":{"line":79,"column":12},"end":{"line":82,"column":13}},{"start":{},"end":{}}],"line":79},"6":{"loc":{"start":{"line":96,"column":8},"end":{"line":98,"column":9}},"type":"if","locations":[{"start":{"line":96,"column":8},"end":{"line":98,"column":9}},{"start":{},"end":{}}],"line":96},"7":{"loc":{"start":{"line":101,"column":8},"end":{"line":103,"column":9}},"type":"if","locations":[{"start":{"line":101,"column":8},"end":{"line":103,"column":9}},{"start":{},"end":{}}],"line":101},"8":{"loc":{"start":{"line":101,"column":12},"end":{"line":101,"column":41}},"type":"binary-expr","locations":[{"start":{"line":101,"column":12},"end":{"line":101,"column":31}},{"start":{"line":101,"column":35},"end":{"line":101,"column":41}}],"line":101},"9":{"loc":{"start":{"line":107,"column":8},"end":{"line":109,"column":9}},"type":"if","locations":[{"start":{"line":107,"column":8},"end":{"line":109,"column":9}},{"start":{},"end":{}}],"line":107},"10":{"loc":{"start":{"line":114,"column":16},"end":{"line":114,"column":37}},"type":"if","locations":[{"start":{"line":114,"column":16},"end":{"line":114,"column":37}},{"start":{},"end":{}}],"line":114},"11":{"loc":{"start":{"line":119,"column":8},"end":{"line":121,"column":9}},"type":"if","locations":[{"start":{"line":119,"column":8},"end":{"line":121,"column":9}},{"start":{},"end":{}}],"line":119},"12":{"loc":{"start":{"line":137,"column":4},"end":{"line":139,"column":5}},"type":"if","locations":[{"start":{"line":137,"column":4},"end":{"line":139,"column":5}},{"start":{},"end":{}}],"line":137},"13":{"loc":{"start":{"line":137,"column":8},"end":{"line":137,"column":43}},"type":"binary-expr","locations":[{"start":{"line":137,"column":8},"end":{"line":137,"column":20}},{"start":{"line":137,"column":24},"end":{"line":137,"column":43}}],"line":137},"14":{"loc":{"start":{"line":188,"column":8},"end":{"line":190,"column":9}},"type":"if","locations":[{"start":{"line":188,"column":8},"end":{"line":190,"column":9}},{"start":{},"end":{}}],"line":188},"15":{"loc":{"start":{"line":188,"column":12},"end":{"line":188,"column":34}},"type":"binary-expr","locations":[{"start":{"line":188,"column":12},"end":{"line":188,"column":22}},{"start":{"line":188,"column":26},"end":{"line":188,"column":34}}],"line":188},"16":{"loc":{"start":{"line":219,"column":16},"end":{"line":280,"column":17}},"type":"if","locations":[{"start":{"line":219,"column":16},"end":{"line":280,"column":17}},{"start":{},"end":{}}],"line":219},"17":{"loc":{"start":{"line":229,"column":24},"end":{"line":241,"column":25}},"type":"if","locations":[{"start":{"line":229,"column":24},"end":{"line":241,"column":25}},{"start":{},"end":{}}],"line":229},"18":{"loc":{"start":{"line":232,"column":28},"end":{"line":234,"column":29}},"type":"if","locations":[{"start":{"line":232,"column":28},"end":{"line":234,"column":29}},{"start":{},"end":{}}],"line":232},"19":{"loc":{"start":{"line":238,"column":28},"end":{"line":240,"column":29}},
[...]
start":{"line":192,"column":12},"end":{"line":195,"column":13}},"type":"if","locations":[{"start":{"line":192,"column":12},"end":{"line":195,"column":13}},{"start":{},"end":{}}],"line":192},"7":{"loc":{"start":{"line":198,"column":12},"end":{"line":205,"column":13}},"type":"if","locations":[{"start":{"line":198,"column":12},"end":{"line":205,"column":13}},{"start":{},"end":{}}],"line":198},"8":{"loc":{"start":{"line":198,"column":16},"end":{"line":198,"column":58}},"type":"binary-expr","locations":[{"start":{"line":198,"column":16},"end":{"line":198,"column":38}},{"start":{"line":198,"column":42},"end":{"line":198,"column":58}}],"line":198},"9":{"loc":{"start":{"line":209,"column":12},"end":{"line":211,"column":13}},"type":"if","locations":[{"start":{"line":209,"column":12},"end":{"line":211,"column":13}},{"start":{},"end":{}}],"line":209},"10":{"loc":{"start":{"line":222,"column":12},"end":{"line":226,"column":13}},"type":"if","locations":[{"start":{"line":222,"column":12},"end":{"line":226,"column":13}},{"start":{"line":224,"column":19},"end":{"line":226,"column":13}}],"line":222},"11":{"loc":{"start":{"line":222,"column":16},"end":{"line":222,"column":65}},"type":"binary-expr","locations":[{"start":{"line":222,"column":16},"end":{"line":222,"column":38}},{"start":{"line":222,"column":42},"end":{"line":222,"column":65}}],"line":222},"12":{"loc":{"start":{"line":224,"column":19},"end":{"line":226,"column":13}},"type":"if","locations":[{"start":{"line":224,"column":19},"end":{"line":226,"column":13}},{"start":{},"end":{}}],"line":224},"13":{"loc":{"start":{"line":224,"column":23},"end":{"line":224,"column":72}},"type":"binary-expr","locations":[{"start":{"line":224,"column":23},"end":{"line":224,"column":46}},{"start":{"line":224,"column":50},"end":{"line":224,"column":72}}],"line":224},"14":{"loc":{"start":{"line":231,"column":12},"end":{"line":235,"column":13}},"type":"if","locations":[{"start":{"line":231,"column":12},"end":{"line":235,"column":13}},{"start":{},"end":{}}],"line":231},"15":{"loc":{"start":{"line":242,"column":37},"end":{"line":242,"column":65}},"type":"binary-expr","locations":[{"start":{"line":242,"column":37},"end":{"line":242,"column":52}},{"start":{"line":242,"column":56},"end":{"line":242,"column":65}}],"line":242},"16":{"loc":{"start":{"line":253,"column":37},"end":{"line":253,"column":65}},"type":"binary-expr","locations":[{"start":{"line":253,"column":37},"end":{"line":253,"column":52}},{"start":{"line":253,"column":56},"end":{"line":253,"column":65}}],"line":253}},"s":{"0":0,"1":0,"2":0,"3":0,"4":0,"5":0,"6":0,"7":0,"8":0,"9":0,"10":0,"11":0,"12":0,"13":0,"14":0,"15":0,"16":0,"17":0,"18":0,"19":0,"20":0,"21":0,"22":0,"23":0,"24":0,"25":0,"26":0,"27":0,"28":0,"29":0,"30":0,"31":0,"32":0,"33":0,"34":0,"35":0,"36":0,"37":0,"38":0,"39":0,"40":0,"41":0,"42":0,"43":0,"44":0,"45":0,"46":0,"47":0,"48":0,"49":0,"50":0,"51":0,"52":0,"53":0,"54":0,"55":0,"56":0,"57":0,"58":0,"59":0,"60":0,"61":0,"62":0,"63":0,"64":0,"65":0,"66":0,"67":0,"68":0,"69":0,"70":0,"71":0,"72":0,"73":0,"74":0,"75":0,"76":0,"77":0,"78":0,"79":0,"80":0,"81":0,"82":0,"83":0,"84":0,"85":0,"86":0,"87":0,"88":0,"89":0,"90":0,"91":0,"92":0,"93":0,"94":0,"95":0,"96":0,"97":0,"98":0,"99":0,"100":0,"101":0,"102":0,"103":0,"104":0,"105":0,"106":0,"107":0,"108":0,"109":0,"110":0,"111":0,"112":0,"113":0,"114":0,"115":0,"116":0,"117":0,"118":0,"119":0,"120":0},"f":{"0":0,"1":0,"2":0,"3":0,"4":0,"5":0,"6":0,"7":0,"8":0,"9":0,"10":0,"11":0,"12":0,"13":0,"14":0,"15":0,"16":0,"17":0,"18":0,"19":0,"20":0,"21":0,"22":0,"23":0,"24":0,"25":0,"26":0},"b":{"0":[0,0],"1":[0,0],"2":[0,0],"3":[0,0],"4":[0,0],"5":[0,0],"6":[0,0],"7":[0,0],"8":[0,0],"9":[0,0],"10":[0,0],"11":[0,0],"12":[0,0],"13":[0,0],"14":[0,0],"15":[0,0],"16":[0,0]}}
,"/Users/cyp/Documents/work/web/surveillance-reseau/src/notifier.js": {"path":"/Users/cyp/Documents/work/web/surveillance-reseau/src/notifier.js","statementMap":{"0":{"start":{"line":1,"column":19},"end":{"line":1,"column":40}},"1":{"start":{"line":2,"column":11},"end":{"line":2,"column":32}},"2":{"start":{"line":6,"column":8},"end":{"line":6,"column":32}},"3":{"start":{"line":7,"column":8},"end":{"line":7,"column":37}},"4":{"start":{"line":11,"column":8},"end":{"line":32,"column":9}},"5":{"start":{"line":12,"column":12},"end":{"line":20,"column":15}},"6":{"start":{"line":23,"column":12},"end":{"line":29,"column":15}},"7":{"start":{"line":24,"column":16},"end":{"line":28,"column":17}},"8":{"start":{"line":25,"column":20},"end":{"line":25,"column":74}},"9":{"start":{"line":27,"column":20},"end":{"line":27,"column":74}},"10":{"start":{"line":31,"column":12},"end":{"line":31,"column":91}},"11":{"start":{"line":36,"column":8},"end":{"line":39,"column":9}},"12":{"start":{"line":37,"column":12},"end":{"line":37,"column":62}},"13":{"start":{"line":38,"column":12},"end":{"line":38,"column":19}},"14":{"start":{"line":41,"column":8},"end":{"line":65,"column":9}},"15":{"start":{"line":42,"column":27},"end":{"line":42,"column":61}},"16":{"start":{"line":43,"column":12},"end":{"line":45,"column":13}},"17":{"start":{"line":44,"column":16},"end":{"line":44,"column":57}},"18":{"start":{"line":47,"column":32},"end":{"line":58,"column":13}},"19":{"start":{"line":60,"column":12},"end":{"line":60,"column":57}},"20":{"start":{"line":61,"column":12},"end":{"line":61,"column":79}},"21":{"start":{"line":63,"column":12},"end":{"line":63,"column":74}},"22":{"start":{"line":64,"column":12},"end":{"line":64,"column":24}},"23":{"start":{"line":69,"column":8},"end":{"line":72,"column":9}},"24":{"start":{"line":70,"column":12},"end":{"line":70,"column":62}},"25":{"start":{"line":71,"column":12},"end":{"line":71,"column":19}},"26":{"start":{"line":74,"column":8},"end":{"line":124,"column":9}},"27":{"start":{"line":75,"column":30},"end":{"line":75,"column":40}},"28":{"start":{"line":76,"column":12},"end":{"line":76,"column":55}},"29":{"start":{"line":77,"column":12},"end":{"line":77,"column":43}},"30":{"start":{"line":79,"column":26},"end":{"line":79,"column":36}},"31":{"start":{"line":80,"column":12},"end":{"line":80,"column":39}},"32":{"start":{"line":82,"column":27},"end":{"line":82,"column":96}},"33":{"start":{"line":84,"column":32},"end":{"line":117,"column":13}},"34":{"start":{"line":107,"column":53},"end":{"line":114,"column":25}},"35":{"start":{"line":119,"column":12},"end":{"line":119,"column":57}},"36":{"start":{"line":120,"column":12},"end":{"line":120,"column":52}},"37":{"start":{"line":122,"column":12},"end":{"line":122,"column":82}},"38":{"start":{"line":123,"column":12},"end":{"line":123,"column":24}},"39":{"start":{"line":128,"column":8},"end":{"line":131,"column":9}},"40":{"start":{"line":129,"column":12},"end":{"line":129,"column":62}},"41":{"start":{"line":130,"column":12},"end":{"line":130,"column":19}},"42":{"start":{"line":133,"column":8},"end":{"line":176,"column":9}},"43":{"start":{"line":134,"column":27},"end":{"line":134,"column":70}},"44":{"start":{"line":136,"column":32},"end":{"line":169,"column":13}},"45":{"start":{"line":159,"column":53},"end":{"line":166,"column":25}},"46":{"start":{"line":171,"column":12},"end":{"line":171,"column":57}},"47":{"start":{"line":172,"column":12},"end":{"line":172,"column":55}},"48":{"start":{"line":174,"column":12},"end":{"line":174,"column":85}},"49":{"start":{"line":175,"column":12},"end":{"line":175,"column":24}},"50":{"start":{"line":180,"column":0},"end":{"line":180,"column":32}}},"fnMap":{"0":{"name":"(anonymous_0)","decl":{"start":{"line":5,"column":4},"end":{"line":5,"column":5}},"loc":{"start":{"line":5,"column":18},"end":{"line":8,"column":5}},"line":5},"1":{"name":"(anonymous_1)","decl":{"start":{"line":10,"column":4},"end":{"line":10,"column":5}},"loc":{"start":{"line":10,"column":28},"end":{"line":33,"column":5}},"line":10},"2":{"name":"(anonymous_2)","decl":{"start":{"line":23,"column":36},"end":{"line":23,"column":37}},"loc":{"start":{"line":23,"column":56},"end":{"line":29,"column":13}},"line":23},"3":{"name":"(anonymous_3)","decl":{"start":{"line":35,"column":4},"end":{"line":35,"column":5}},"loc":{"start":{"line":35,"column":27},"end":{"line":66,"column":5}},"line":35},"4":{"name":"(anonymous_4)","decl":{"start":{"line":68,"column":4},"end":{"line":68,"column":5}},"loc":{"start":{"line":68,"column":28},"end":{"line":125,"column":5}},"line":68},"5":{"name":"(anonymous_5)","decl":{"start":{"line":107,"column":44},"end":{"line":107,"column":45}},"loc":{"start":{"line":107,"column":53},"end":{"line":114,"column":25}},"line":107},"6":{"name":"(anonymous_6)","decl":{"start":{"line":127,"column":4},"end":{"line":127,"column":5}},"loc":{"start":{"line":127,"column":59},"end":{"line":177,"column":5}},"line":127},"7":{"name":"(anonymous_7)","decl":{"start":{"line":159,"column":44},"end":{"line":159,"column":45}},"loc":{"start":{"line":159,"column":53},"end":{"line":166,"column":25}},"line":159}},"branchMap":{"0":{"loc":{"start":{"line":14,"column":22},"end":{"line":14,"column":60}},"type":"binary-expr","locations":[{"start":{"line":14,"column":22},"end":{"line":14,"column":53}},{"start":{"line":14,"column":57},"end":{"line":14,"column":60}}],"line":14},"1":{"loc":{"start":{"line":24,"column":16},"end":{"line":28,"column":17}},"type":"if","locations":[{"start":{"line":24,"column":16},"end":{"line":28,"column":17}},{"start":{"line":26,"column":23},"end":{"line":28,"column":17}}],"line":24},"2":{"loc":{"start":{"line":36,"column":8},"end":{"line":39,"column":9}},"type":"if","locations":[{"start":{"line":36,"column":8},"end":{"line":39,"column":9}},{"start":{},"end":{}}],"line":36},"3":{"loc":{"start":{"line":43,"column":12},"end":{"line":45,"column":13}},"type":"if","locations":[{"start":{"line":43,"column":12},"end":{"line":45,"column":13}},{"start":{},"end":{}}],"line":43},"4":{"loc":{"start":{"line":50,"column":53},"end":{"line":50,"column":81}},"type":"binary-expr","locations":[{"start":{"line":50,"column":53},"end":{"line":50,"column":68}},{"start":{"line":50,"column":72},"end":{"line":50,"column":81}}],"line":50},"5":{"loc":{"start":{"line":55,"column":54},"end":{"line":55,"column":82}},"type":"binary-expr","locations":[{"start":{"line":55,"column":54},"end":{"line":55,"column":69}},{"start":{"line":55,"column":73},"end":{"line":55,"column":82}}],"line":55},"6":{"loc":{"start":{"line":61,"column":47},"end":{"line":61,"column":75}},"type":"binary-expr","locations":[{"start":{"line":61,"column":47},"end":{"line":61,"column":62}},{"start":{"line":61,"column":66},"end":{"line":61,"column":75}}],"line":61},"7":{"loc":{"start":{"line":69,"column":8},"end":{"line":72,"column":9}},"type":"if","locations":[{"start":{"line":69,"column":8},"end":{"line":72,"column":9}},{"start":{},"end":{}}],"line":69},"8":{"loc":{"start":{"line":112,"column":38},"end":{"line":112,"column":75}},"type":"cond-expr","locations":[{"start":{"line":112,"column":55},"end":{"line":112,"column":64}},{"start":{"line":112,"column":67},"end":{"line":112,"column":75}}],"line":112},"9":{"loc":{"start":{"line":128,"column":8},"end":{"line":131,"column":9}},"type":"if","locations":[{"start":{"line":128,"column":8},"end":{"line":131,"column":9}},{"start":{},"end":{}}],"line":128},"10":{"loc":{"start":{"line":164,"column":38},"end":{"line":164,"column":75}},"type":"cond-expr","locations":[{"start":{"line":164,"column":55},"end":{"line":164,"column":64}},{"start":{"line":164,"column":67},"end":{"line":164,"column":75}}],"line":164}},"s":{"0":0,"1":0,"2":0,"3":0,"4":0,"5":0,"6":0,"7":0,"8":0,"9":0,"10":0,"11":0,"12":0,"13":0,"14":0,"15":0,"16":0,"17":0,"18":0,"19":0,"20":0,"21":0,"22":0,"23":0,"24":0,"25":0,"26":0,"27":0,"28":0,"29":0,"30":0,"31":0,"32":0,"33":0,"34":0,"35":0,"36":0,"37":0,"38":0,"39":0,"40":0,"41":0,"42":0,"43":0,"44":0,"45":0,"46":0,"47":0,"48":0,"49":0,"50":0},"f":{"0":0,"1":0,"2":0,"3":0,"4":0,"5":0,"6":0,"7":0},"b":{"0":[0,0],"1":[0,0],"2":[0,0],"3":[0,0],"4":[0,0],"5":[0,0],"6":[0,0],"7":[0,0],"8":[0,0],"9":[0,0],"10":[0,0]}}
,"/Users/cyp/Documents/work/web/surveillance-reseau/src/speed-test.js": {"path":"/Users/cyp/Documents/work/web/surveillance-reseau/src/speed-test.js","statementMap":{"0":{"start":{"line":1,"column":21},"end":{"line":1,"column":38}},"1":{"start":{"line":2,"column":17},"end":{"line":2,"column":41}},"2":{"start":{"line":3,"column":13},"end":{"line":3,"column":28}},"3":{"start":{"line":4,"column":20},"end":{"line":4,"column":40}},"4":{"start":{"line":5,"column":14},"end":{"line":5,"column":30}},"5":{"start":{"line":6,"column":11},"end":{"line":6,"column":24}},"6":{"start":{"line":7,"column":13},"end":{"line":7,"column":28}},"7":{"start":{"line":11,"column":8},"end":{"line":11,"column":16}},"8":{"start":{"line":12,"column":8},"end":{"line":12,"column":29}},"9":{"start":{"line":13,"column":8},"end":{"line":13,"column":45}},"10":{"start":{"line":17,"column":8},"end":{"line":19,"column":9}},"11":{"start":{"line":18,"column":12},"end":{"line":18,"column":57}},"12":{"start":{"line":21,"column":8},"end":{"line":21,"column":28}},"13":{"start":{"line":22,"column":8},"end":{"line":38,"column":9}},"14":{"start":{"line":24,"column":35},"end":{"line":24,"column":60}},"15":{"start":{"line":27,"column":33},"end":{"line":27,"column":56}},"16":{"start":{"line":29,"column":12},"end":{"line":29,"column":33}},"17":{"start":{"line":30,"column":12},"end":{"line":34,"column":14}},"18":{"start":{"line":36,"column":12},"end":{"line":36,"column":33}},"19":{"start":{"line":37,"column":12},"end":{"line":37,"column":24}},"20":{"start":{"line":42,"column":8},"end":{"line":75,"column":11}},"21":{"start":{"line":43,"column":30},"end":{"line":43,"column":40}},"22":{"start":{"line":44,"column":34},"end":{"line":44,"column":35}},"23":{"start":{"line":46,"column":28},"end":{"line":50,"column":13}},"24":{"start":{"line":52,"column":24},"end":{"line":68,"column":14}},"25":{"start":{"line":53,"column":16},"end":{"line":55,"column":19}},"26":{"start":{"line":54,"column":20},"end":{"line":54,"column":52}},"27":{"start":{"line":57,"column":16},"end":{"line":67,"column":19}},"28":{"start":{"line":58,"column":36},"end":{"line":58,"column":46}},"29":{"start":{"line":59,"column":37},"end":{"line":59,"column":65}},"30":{"start":{"line":60,"column":34},"end":{"line":60,"column":82}},"31":{"start":{"line":62,"column":20},"end":{"line":66,"column":23}},"32":{"start":{"line":70,"column":12},"end":{"line":72,"column":15}},"33":{"start":{"line":71,"column":16},"end":{"line":71,"column":87}},"34":{"start":{"line":74,"column":12},"end":{"line":74,"column":22}},"35":{"start":{"line":79,"column":8},"end":{"line":118,"column":11}},"36":{"start":{"line":80,"column":30},"end":{"line":80,"column":40}},"37":{"start":{"line":81,"column":29},"end":{"line":81,"column":60}},"38":{"start":{"line":83,"column":28},"end":{"line":91,"column":13}},"39":{"start":{"line":93,"column":24},"end":{"line":110,"column":14}},"40":{"start":{"line":94,"column":35},"end":{"line":94,"column":37}},"41":{"start":{"line":95,"column":16},"end":{"line":97,"column":19}},"42":{"start":{"line":96,"column":20},"end":{"line":96,"column":42}},"43":{"start":{"line":99,"column":16},"end":{"line":109,"column":19}},"44":{"start":{"line":100,"column":36},"end":{"line":100,"column":46}},"45":{"start":{"line":101,"column":37},"end":{"line":101,"column":65}},"46":{"start":{"line":102,"column":34},"end":{"line":102,"column":84}},"47":{"start":{"line":104,"column":20},"end":{"line":108,"column":23}},"48":{"start":{"line":112,"column":12},"end":{"line":114,"column":15}},"49":{"start":{"line":113,"column":16},"end":{"line":113,"column":79}},"50":{"start":{"line":116,"column":12},"end":{"line":116,"column":32}},"51":{"start":{"line":117,"column":12},"end":{"line":117,"column":22}},"52":{"start":{"line":122,"column":8},"end":{"line":135,"column":9}},"53":{"start":{"line":124,"column":31},"end":{"line":124,"column":75}},"54":{"start":{"line":127,"column":28},"end":{"line":127,"column":67}},"55":{"start":{"line":128,"column":24},"end":{"line":128,"column":51}},"56":{"start":{"line":131,"column":12},"end":{"line":131,"column":37}},"57":{"start":{"line":133,"column":12},"end":{"line":133,"column":64}},"58":{"start":{"line":134,"column":12},"end":{"line":134,"column":52}},"59":{"start":{"line":139,"column":0},"end":{"line":139,"column":27}}},"fnMap":{"0":{"name":"(anonymous_0)","decl":{"start":{"line":10,"column":4},"end":{"line":10,"column":5}},"loc":{"start":{"line":10,"column":18},"end":{"line":14,"column":5}},"line":10},"1":{"name":"(anonymous_1)","decl":{"start":{"line":16,"column":4},"end":{"line":16,"column":5}},"loc":{"start":{"line":16,"column":25},"end":{"line":39,"column":5}},"line":16},"2":{"name":"(anonymous_2)","decl":{"start":{"line":41,"column":4},"end":{"line":41,"column":5}},"loc":{"start":{"line":41,"column":25},"end":{"line":76,"column":5}},"line":41},"3":{"name":"(anonymous_3)","decl":{"start":{"line":42,"column":27},"end":{"line":42,"column":28}},"loc":{"start":{"line":42,"column":48},"end":{"line":75,"column":9}},"line":42},"4":{"name":"(anonymous_4)","decl":{"start":{"line":52,"column":47},"end":{"line":52,"column":48}},"loc":{"start":{"line":52,"column":56},"end":{"line":68,"column":13}},"line":52},"5":{"name":"(anonymous_5)","decl":{"start":{"line":53,"column":31},"end":{"line":53,"column":32}},"loc":{"start":{"line":53,"column":42},"end":{"line":55,"column":17}},"line":53},"6":{"name":"(anonymous_6)","decl":{"start":{"line":57,"column":30},"end":{"line":57,"column":31}},"loc":{"start":{"line":57,"column":36},"end":{"line":67,"column":17}},"line":57},"7":{"name":"(anonymous_7)","decl":{"start":{"line":70,"column":28},"end":{"line":70,"column":29}},"loc":{"start":{"line":70,"column":39},"end":{"line":72,"column":13}},"line":70},"8":{"name":"(anonymous_8)","decl":{"start":{"line":78,"column":4},"end":{"line":78,"column":5}},"loc":{"start":{"line":78,"column":23},"end":{"line":119,"column":5}},"line":78},"9":{"name":"(anonymous_9)","decl":{"start":{"line":79,"column":27},"end":{"line":79,"column":28}},"loc":{"start":{"line":79,"column":48},"end":{"line":118,"column":9}},"line":79},"10":{"name":"(anonymous_10)","decl":{"start":{"line":93,"column":47},"end":{"line":93,"column":48}},"loc":{"start":{"line":93,"column":56},"end":{"line":110,"column":13}},"line":93},"11":{"name":"(anonymous_11)","decl":{"start":{"line":95,"column":31},"end":{"line":95,"column":32}},"loc":{"start":{"line":95,"column":42},"end":{"line":97,"column":17}},"line":95},"12":{"name":"(anonymous_12)","decl":{"start":{"line":99,"column":30},"end":{"line":99,"column":31}},"loc":{"start":{"line":99,"column":36},"end":{"line":109,"column":17}},"line":99},"13":{"name":"(anonymous_13)","decl":{"start":{"line":112,"column":28},"end":{"line":112,"column":29}},"loc":{"start":{"line":112,"column":39},"end":{"line":114,"column":13}},"line":112},"14":{"name":"(anonymous_14)","decl":{"start":{"line":121,"column":4},"end":{"line":121,"column":5}},"loc":{"start":{"line":121,"column":24},"end":{"line":136,"column":5}},"line":121}},"branchMap":{"0":{"loc":{"start":{"line":17,"column":8},"end":{"line":19,"column":9}},"type":"if","locations":[{"start":{"line":17,"column":8},"end":{"line":19,"column":9}},{"start":{},"end":{}}],"line":17},"1":{"loc":{"start":{"line":128,"column":24},"end":{"line":128,"column":51}},"type":"binary-expr","locations":[{"start":{"line":128,"column":24},"end":{"line":128,"column":45}},{"start":{"line":128,"column":49},"end":{"line":128,"column":51}}],"line":128}},"s":{"0":0,"1":0,"2":0,"3":0,"4":0,"5":0,"6":0,"7":0,"8":0,"9":0,"10":0,"11":0,"12":0,"13":0,"14":0,"15":0,"16":0,"17":0,"18":0,"19":0,"20":0,"21":0,"22":0,"23":0,"24":0,"25":0,"26":0,"27":0,"28":0,"29":0,"30":0,"31":0,"32":0,"33":0,"34":0,"35":0,"36":0,"37":0,"38":0,"39":0,"40":0,"41":0,"42":0,"43":0,"44":0,"45":0,"46":0,"47":0,"48":0,"49":0,"50":0,"51":0,"52":0,"53":0,"54":0,"55":0,"56":0,"57":0,"58":0,"59":0},"f":{"0":0,"1":0,"2":0,"3":0,"4":0,"5":0,"6":0,"7":0,"8":0,"9":0,"10":0,"11":0,"12":0,"13":0,"14":0},"b":{"0":[0,0],"1":[0,0]}}
}
