TN:
SF:src/auth.js
FN:6,(anonymous_0)
FN:16,(anonymous_1)
FN:63,(anonymous_2)
FN:101,(anonymous_3)
FN:111,(anonymous_4)
FN:129,(anonymous_5)
FN:158,(anonymous_6)
FN:169,(anonymous_7)
FN:198,(anonymous_8)
FN:199,(anonymous_9)
FNF:10
FNH:0
FNDA:0,(anonymous_0)
FNDA:0,(anonymous_1)
FNDA:0,(anonymous_2)
FNDA:0,(anonymous_3)
FNDA:0,(anonymous_4)
FNDA:0,(anonymous_5)
FNDA:0,(anonymous_6)
FNDA:0,(anonymous_7)
FNDA:0,(anonymous_8)
FNDA:0,(anonymous_9)
DA:1,0
DA:2,0
DA:3,0
DA:7,0
DA:8,0
DA:9,0
DA:12,0
DA:13,0
DA:17,0
DA:18,0
DA:21,0
DA:22,0
DA:25,0
DA:26,0
DA:29,0
DA:30,0
DA:34,0
DA:35,0
DA:36,0
DA:40,0
DA:43,0
DA:44,0
DA:47,0
DA:48,0
DA:50,0
DA:58,0
DA:59,0
DA:64,0
DA:65,0
DA:68,0
DA:69,0
DA:73,0
DA:74,0
DA:75,0
DA:79,0
DA:80,0
DA:81,0
DA:85,0
DA:86,0
DA:88,0
DA:96,0
DA:97,0
DA:102,0
DA:107,0
DA:108,0
DA:112,0
DA:113,0
DA:114,0
DA:115,0
DA:117,0
DA:118,0
DA:119,0
DA:121,0
DA:122,0
DA:123,0
DA:125,0
DA:130,0
DA:131,0
DA:132,0
DA:133,0
DA:135,0
DA:136,0
DA:137,0
DA:143,0
DA:144,0
DA:145,0
DA:146,0
DA:152,0
DA:153,0
DA:154,0
DA:157,0
DA:159,0
DA:160,0
DA:161,0
DA:166,0
DA:167,0
DA:170,0
DA:171,0
DA:177,0
DA:178,0
DA:179,0
DA:184,0
DA:190,0
DA:191,0
DA:199,0
DA:200,0
DA:201,0
DA:202,0
DA:203,0
DA:204,0
DA:205,0
DA:207,0
DA:208,0
DA:209,0
DA:211,0
DA:212,0
DA:214,0
DA:215,0
DA:222,0
DA:223,0
LF:100
LH:0
BRDA:7,0,0,0
BRDA:7,0,1,0
BRDA:8,1,0,0
BRDA:8,1,1,0
BRDA:8,2,0,0
BRDA:8,2,1,0
BRDA:21,3,0,0
BRDA:21,3,1,0
BRDA:21,4,0,0
BRDA:21,4,1,0
BRDA:21,4,2,0
BRDA:25,5,0,0
BRDA:25,5,1,0
BRDA:29,6,0,0
BRDA:29,6,1,0
BRDA:35,7,0,0
BRDA:35,7,1,0
BRDA:68,8,0,0
BRDA:68,8,1,0
BRDA:68,9,0,0
BRDA:68,9,1,0
BRDA:74,10,0,0
BRDA:74,10,1,0
BRDA:80,11,0,0
BRDA:80,11,1,0
BRDA:114,12,0,0
BRDA:114,12,1,0
BRDA:122,13,0,0
BRDA:122,13,1,0
BRDA:135,14,0,0
BRDA:135,14,1,0
BRDA:144,15,0,0
BRDA:144,15,1,0
BRDA:144,16,0,0
BRDA:144,16,1,0
BRDA:159,17,0,0
BRDA:159,17,1,0
BRDA:178,18,0,0
BRDA:178,18,1,0
BRDA:203,19,0,0
BRDA:203,19,1,0
BRDA:207,20,0,0
BRDA:207,20,1,0
BRF:43
BRH:0
end_of_record
TN:
SF:src/config.js
FNF:0
FNH:0
DA:1,0
DA:61,0
LF:2
LH:0
BRDA:3,0,0,0
BRDA:3,0,1,0
BRDA:7,1,0,0
BRDA:7,1,1,0
BRDA:15,2,0,0
BRDA:15,2,1,0
BRDA:16,3,0,0
BRDA:16,3,1,0
BRDA:19,4,0,0
BRDA:19,4,1,0
BRDA:20,5,0,0
BRDA:20,5,1,0
BRDA:23,6,0,0
BRDA:23,6,1,0
BRF:14
BRH:0
end_of_record
TN:
SF:src/database.js
FN:7,(anonymous_0)
FN:14,(anonymous_1)
FN:21,(anonymous_2)
FN:25,(anonymous_3)
FN:75,(anonymous_4)
FN:76,(anonymous_5)
FN:80,(anonymous_6)
FN:88,(anonymous_7)
FN:89,(anonymous_8)
FN:93,(anonymous_9)
FN:101,(anonymous_10)
FN:102,(anonymous_11)
FN:106,(anonymous_12)
FN:115,(anonymous_13)
FN:116,(anonymous_14)
FN:122,(anonymous_15)
FN:130,(anonymous_16)
FN:131,(anonymous_17)
FN:132,(anonymous_18)
FN:140,(anonymous_19)
FN:141,(anonymous_20)
FN:145,(anonymous_21)
FN:153,(anonymous_22)
FN:154,(anonymous_23)
FN:161,(anonymous_24)
FN:169,(anonymous_25)
FN:170,(anonymous_26)
FN:174,(anonymous_27)
FN:182,(anonymous_28)
FN:183,(anonymous_29)
FN:189,(anonymous_30)
FN:197,(anonymous_31)
FN:198,(anonymous_32)
FN:202,(anonymous_33)
FN:211,(anonymous_34)
FN:212,(anonymous_35)
FN:222,(anonymous_36)
FN:227,(anonymous_37)
FN:239,(anonymous_38)
FN:249,(anonymous_39)
FN:263,(anonymous_40)
FN:276,(anonymous_41)
FN:280,(anonymous_42)
FN:281,(anonymous_43)
FN:284,(anonymous_44)
FN:293,(anonymous_45)
FN:294,(anonymous_46)
FN:295,(anonymous_47)
FN:303,(anonymous_48)
FN:315,(anonymous_49)
FN:326,(anonymous_50)
FN:327,(anonymous_51)
FN:328,(anonymous_52)
FN:332,(anonymous_53)
FN:344,(anonymous_54)
FN:345,(anonymous_55)
FN:346,(anonymous_56)
FN:353,(anonymous_57)
FN:354,(anonymous_58)
FN:358,(anonymous_59)
FN:367,(anonymous_60)
FN:368,(anonymous_61)
FN:373,(anonymous_62)
FN:385,(anonymous_63)
FN:386,(anonymous_64)
FN:390,(anonymous_65)
FN:394,(anonymous_66)
FN:405,(anonymous_67)
FN:406,(anonymous_68)
FN:410,(anonymous_69)
FN:419,(anonymous_70)
FN:420,(anonymous_71)
FN:421,(anonymous_72)
FNF:73
FNH:0
FNDA:0,(anonymous_0)
FNDA:0,(anonymous_1)
FNDA:0,(anonymous_2)
FNDA:0,(anonymous_3)
FNDA:0,(anonymous_4)
FNDA:0,(anonymous_5)
FNDA:0,(anonymous_6)
FNDA:0,(anonymous_7)
FNDA:0,(anonymous_8)
FNDA:0,(anonymous_9)
FNDA:0,(anonymous_10)
FNDA:0,(anonymous_11)
FNDA:0,(anonymous_12)
FNDA:0,(anonymous_13)
FNDA:0,(anonymous_14)
FNDA:0,(anonymous_15)
FNDA:0,(anonymous_16)
FNDA:0,(anonymous_17)
FNDA:0,(anonymous_18)
FNDA:0,(anonymous_19)
FNDA:0,(anonymous_20)
FNDA:0,(anonymous_21)
FNDA:0,(anonymous_22)
FNDA:0,(anonymous_23)
FNDA:0,(anonymous_24)
FNDA:0,(anonymous_25)
FNDA:0,(anonymous_26)
FNDA:0,(anonymous_27)
FNDA:0,(anonymous_28)
FNDA:0,(anonymous_29)
FNDA:0,(anonymous_30)
FNDA:0,(anonymous_31)
FNDA:0,(anonymous_32)
FNDA:0,(anonymous_33)
FNDA:0,(anonymous_34)
FNDA:0,(anonymous_35)
FNDA:0,(anonymous_36)
FNDA:0,(anonymous_37)
FNDA:0,(anonymous_38)
FNDA:0,(anonymous_39)
FNDA:0,(anonymous_40)
FNDA:0,(anonymous_41)
FNDA:0,(anonymous_42)
FNDA:0,(anonymous_43)
FNDA:0,(anonymous_44)
FNDA:0,(anonymous_45)
FNDA:0,(anonymous_46)
FNDA:0,(anonymous_47)
FNDA:0,(anonymous_48)
FNDA:0,(anonymous_49)
FNDA:0,(anonymous_50)
FNDA:0,(anonymous_51)
FNDA:0,(anonymous_52)
FNDA:0,(anonymous_53)
FNDA:0,(anonymous_54)
FNDA:0,(anonymous_55)
FNDA:0,(anonymous_56)
FNDA:0,(anonymous_57)
FNDA:0,(anonymous_58)
FNDA:0,(anonymous_59)
FNDA:0,(anonymous_60)
FNDA:0,(anonymous_61)
FNDA:0,(anonymous_62)
FNDA:0,(anonymous_63)
FNDA:0,(anonymous_64)
FNDA:0,(anonymous_65)
FNDA:0,(anonymous_66)
FNDA:0,(anonymous_67)
FNDA:0,(anonymous_68)
FNDA:0,(anonymous_69)
FNDA:0,(anonymous_70)
FNDA:0,(anonymous_71)
FNDA:0,(anonymous_72)
DA:1,0
DA:2,0
DA:3,0
DA:4,0
DA:8,0
DA:9,0
DA:10,0
DA:11,0
DA:15,0
DA:16,0
DA:17,0
DA:22,0
DA:27,0
DA:39,0
DA:53,0
DA:62,0
DA:63,0
DA:64,0
DA:65,0
DA:66,0
DA:67,0
DA:70,0
DA:76,0
DA:77,0
DA:81,0
DA:82,0
DA:89,0
DA:90,0
DA:94,0
DA:95,0
DA:102,0
DA:103,0
DA:107,0
DA:108,0
DA:116,0
DA:117,0
DA:118,0
DA:123,0
DA:124,0
DA:131,0
DA:132,0
DA:133,0
DA:134,0
DA:141,0
DA:142,0
DA:146,0
DA:147,0
DA:154,0
DA:155,0
DA:161,0
DA:162,0
DA:163,0
DA:170,0
DA:171,0
DA:175,0
DA:176,0
DA:183,0
DA:184,0
DA:190,0
DA:191,0
DA:198,0
DA:199,0
DA:203,0
DA:204,0
DA:212,0
DA:213,0
DA:222,0
DA:224,0
DA:228,0
DA:229,0
DA:234,0
DA:240,0
DA:241,0
DA:246,0
DA:250,0
DA:251,0
DA:256,0
DA:264,0
DA:266,0
DA:267,0
DA:277,0
DA:278,0
DA:280,0
DA:281,0
DA:282,0
DA:283,0
DA:284,0
DA:285,0
DA:286,0
DA:294,0
DA:295,0
DA:296,0
DA:297,0
DA:298,0
DA:301,0
DA:303,0
DA:304,0
DA:313,0
DA:315,0
DA:316,0
DA:317,0
DA:319,0
DA:327,0
DA:328,0
DA:329,0
DA:330,0
DA:332,0
DA:345,0
DA:346,0
DA:347,0
DA:348,0
DA:354,0
DA:355,0
DA:359,0
DA:360,0
DA:368,0
DA:369,0
DA:370,0
DA:374,0
DA:375,0
DA:377,0
DA:386,0
DA:387,0
DA:391,0
DA:392,0
DA:394,0
DA:406,0
DA:407,0
DA:411,0
DA:412,0
DA:420,0
DA:421,0
DA:422,0
DA:423,0
DA:424,0
DA:426,0
DA:427,0
DA:434,0
LF:138
LH:0
BRDA:16,0,0,0
BRDA:16,0,1,0
BRDA:64,1,0,0
BRDA:64,1,1,0
BRDA:81,2,0,0
BRDA:81,2,1,0
BRDA:94,3,0,0
BRDA:94,3,1,0
BRDA:107,4,0,0
BRDA:107,4,1,0
BRDA:115,5,0,0
BRDA:123,6,0,0
BRDA:123,6,1,0
BRDA:133,7,0,0
BRDA:133,7,1,0
BRDA:146,8,0,0
BRDA:146,8,1,0
BRDA:162,9,0,0
BRDA:162,9,1,0
BRDA:175,10,0,0
BRDA:175,10,1,0
BRDA:190,11,0,0
BRDA:190,11,1,0
BRDA:203,12,0,0
BRDA:203,12,1,0
BRDA:228,13,0,0
BRDA:228,13,1,0
BRDA:240,14,0,0
BRDA:240,14,1,0
BRDA:241,15,0,0
BRDA:241,15,1,0
BRDA:250,16,0,0
BRDA:250,16,1,0
BRDA:251,17,0,0
BRDA:251,17,1,0
BRDA:264,18,0,0
BRDA:264,18,1,0
BRDA:285,19,0,0
BRDA:285,19,1,0
BRDA:296,20,0,0
BRDA:296,20,1,0
BRDA:306,21,0,0
BRDA:306,21,1,0
BRDA:307,22,0,0
BRDA:307,22,1,0
BRDA:308,23,0,0
BRDA:308,23,1,0
BRDA:309,24,0,0
BRDA:309,24,1,0
BRDA:316,25,0,0
BRDA:316,25,1,0
BRDA:329,26,0,0
BRDA:329,26,1,0
BRDA:347,27,0,0
BRDA:347,27,1,0
BRDA:359,28,0,0
BRDA:359,28,1,0
BRDA:374,29,0,0
BRDA:374,29,1,0
BRDA:385,30,0,0
BRDA:391,31,0,0
BRDA:391,31,1,0
BRDA:405,32,0,0
BRDA:411,33,0,0
BRDA:411,33,1,0
BRDA:422,34,0,0
BRDA:422,34,1,0
BRF:67
BRH:0
end_of_record
TN:
SF:src/index.js
FN:43,(anonymous_0)
FN:49,(anonymous_1)
FN:62,(anonymous_2)
FN:75,(anonymous_3)
FN:78,(anonymous_4)
FN:93,(anonymous_5)
FN:112,(anonymous_6)
FN:113,(anonymous_7)
FN:136,(anonymous_8)
FN:144,(anonymous_9)
FN:154,(anonymous_10)
FN:165,(anonymous_11)
FN:175,(anonymous_12)
FN:185,(anonymous_13)
FN:201,(anonymous_14)
FN:300,(anonymous_15)
FN:310,(anonymous_16)
FN:321,(anonymous_17)
FN:350,(anonymous_18)
FN:371,(anonymous_19)
FN:398,(anonymous_20)
FN:418,(anonymous_21)
FN:429,(anonymous_22)
FN:434,(anonymous_23)
FN:439,(anonymous_24)
FN:460,(anonymous_25)
FN:463,(anonymous_26)
FN:468,(anonymous_27)
FN:475,(anonymous_28)
FN:479,(anonymous_29)
FN:483,(anonymous_30)
FN:494,(anonymous_31)
FNF:32
FNH:0
FNDA:0,(anonymous_0)
FNDA:0,(anonymous_1)
FNDA:0,(anonymous_2)
FNDA:0,(anonymous_3)
FNDA:0,(anonymous_4)
FNDA:0,(anonymous_5)
FNDA:0,(anonymous_6)
FNDA:0,(anonymous_7)
FNDA:0,(anonymous_8)
FNDA:0,(anonymous_9)
FNDA:0,(anonymous_10)
FNDA:0,(anonymous_11)
FNDA:0,(anonymous_12)
FNDA:0,(anonymous_13)
FNDA:0,(anonymous_14)
FNDA:0,(anonymous_15)
FNDA:0,(anonymous_16)
FNDA:0,(anonymous_17)
FNDA:0,(anonymous_18)
FNDA:0,(anonymous_19)
FNDA:0,(anonymous_20)
FNDA:0,(anonymous_21)
FNDA:0,(anonymous_22)
FNDA:0,(anonymous_23)
FNDA:0,(anonymous_24)
FNDA:0,(anonymous_25)
FNDA:0,(anonymous_26)
FNDA:0,(anonymous_27)
FNDA:0,(anonymous_28)
FNDA:0,(anonymous_29)
FNDA:0,(anonymous_30)
FNDA:0,(anonymous_31)
DA:1,0
DA:2,0
DA:3,0
DA:4,0
DA:5,0
DA:6,0
DA:7,0
DA:8,0
DA:9,0
DA:10,0
DA:11,0
DA:12,0
DA:13,0
DA:14,0
DA:15,0
DA:17,0
DA:18,0
DA:19,0
DA:20,0
DA:21,0
DA:24,0
DA:25,0
DA:28,0
DA:43,0
DA:44,0
DA:45,0
DA:49,0
DA:50,0
DA:51,0
DA:52,0
DA:53,0
DA:55,0
DA:56,0
DA:58,0
DA:62,0
DA:63,0
DA:64,0
DA:65,0
DA:66,0
DA:68,0
DA:69,0
DA:71,0
DA:75,0
DA:76,0
DA:78,0
DA:79,0
DA:80,0
DA:81,0
DA:83,0
DA:84,0
DA:87,0
DA:88,0
DA:93,0
DA:94,0
DA:95,0
DA:96,0
DA:97,0
DA:100,0
DA:101,0
DA:102,0
DA:105,0
DA:106,0
DA:107,0
DA:108,0
DA:112,0
DA:113,0
DA:114,0
DA:115,0
DA:119,0
DA:120,0
DA:123,0
DA:131,0
DA:136,0
DA:137,0
DA:138,0
DA:140,0
DA:144,0
DA:145,0
DA:146,0
DA:147,0
DA:149,0
DA:150,0
DA:154,0
DA:155,0
DA:156,0
DA:157,0
DA:158,0
DA:159,0
DA:161,0
DA:165,0
DA:166,0
DA:167,0
DA:168,0
DA:170,0
DA:171,0
DA:175,0
DA:176,0
DA:177,0
DA:178,0
DA:179,0
DA:181,0
DA:185,0
DA:186,0
DA:187,0
DA:188,0
DA:189,0
DA:192,0
DA:193,0
DA:195,0
DA:196,0
DA:201,0
DA:202,0
DA:203,0
DA:204,0
DA:205,0
DA:208,0
DA:211,0
DA:212,0
DA:213,0
DA:214,0
DA:219,0
DA:220,0
DA:221,0
DA:222,0
DA:223,0
DA:226,0
DA:228,0
DA:229,0
DA:231,0
DA:232,0
DA:233,0
DA:237,0
DA:238,0
DA:239,0
DA:244,0
DA:245,0
DA:246,0
DA:247,0
DA:248,0
DA:249,0
DA:255,0
DA:256,0
DA:257,0
DA:258,0
DA:259,0
DA:260,0
DA:267,0
DA:278,0
DA:282,0
DA:287,0
DA:290,0
DA:292,0
DA:293,0
DA:295,0
DA:296,0
DA:300,0
DA:301,0
DA:302,0
DA:303,0
DA:304,0
DA:306,0
DA:310,0
DA:311,0
DA:312,0
DA:313,0
DA:314,0
DA:316,0
DA:321,0
DA:322,0
DA:323,0
DA:324,0
DA:329,0
DA:331,0
DA:332,0
DA:337,0
DA:338,0
DA:344,0
DA:345,0
DA:350,0
DA:351,0
DA:352,0
DA:353,0
DA:355,0
DA:359,0
DA:360,0
DA:361,0
DA:363,0
DA:364,0
DA:366,0
DA:367,0
DA:371,0
DA:372,0
DA:373,0
DA:374,0
DA:376,0
DA:385,0
DA:386,0
DA:387,0
DA:389,0
DA:390,0
DA:392,0
DA:393,0
DA:398,0
DA:399,0
DA:400,0
DA:405,0
DA:406,0
DA:407,0
DA:409,0
DA:412,0
DA:413,0
DA:418,0
DA:419,0
DA:420,0
DA:421,0
DA:423,0
DA:424,0
DA:429,0
DA:430,0
DA:434,0
DA:435,0
DA:439,0
DA:440,0
DA:441,0
DA:442,0
DA:446,0
DA:450,0
DA:451,0
DA:452,0
DA:453,0
DA:455,0
DA:456,0
DA:460,0
DA:461,0
DA:463,0
DA:464,0
DA:468,0
DA:469,0
DA:470,0
DA:475,0
DA:476,0
DA:479,0
DA:480,0
DA:483,0
DA:484,0
DA:485,0
DA:486,0
DA:488,0
DA:493,0
DA:494,0
DA:495,0
LF:251
LH:0
BRDA:33,0,0,0
BRDA:33,0,1,0
BRDA:52,1,0,0
BRDA:52,1,1,0
BRDA:52,2,0,0
BRDA:52,2,1,0
BRDA:52,2,2,0
BRDA:65,3,0,0
BRDA:65,3,1,0
BRDA:65,4,0,0
BRDA:65,4,1,0
BRDA:79,5,0,0
BRDA:79,5,1,0
BRDA:96,6,0,0
BRDA:96,6,1,0
BRDA:101,7,0,0
BRDA:101,7,1,0
BRDA:101,8,0,0
BRDA:101,8,1,0
BRDA:107,9,0,0
BRDA:107,9,1,0
BRDA:114,10,0,0
BRDA:114,10,1,0
BRDA:119,11,0,0
BRDA:119,11,1,0
BRDA:137,12,0,0
BRDA:137,12,1,0
BRDA:137,13,0,0
BRDA:137,13,1,0
BRDA:188,14,0,0
BRDA:188,14,1,0
BRDA:188,15,0,0
BRDA:188,15,1,0
BRDA:219,16,0,0
BRDA:219,16,1,0
BRDA:229,17,0,0
BRDA:229,17,1,0
BRDA:232,18,0,0
BRDA:232,18,1,0
BRDA:238,19,0,0
BRDA:238,19,1,0
BRDA:244,20,0,0
BRDA:244,20,1,0
BRDA:246,21,0,0
BRDA:246,21,1,0
BRDA:248,22,0,0
BRDA:248,22,1,0
BRDA:257,23,0,0
BRDA:257,23,1,0
BRDA:329,24,0,0
BRDA:329,24,1,0
BRDA:405,25,0,0
BRDA:405,25,1,0
BRDA:441,26,0,0
BRDA:441,26,1,0
BRDA:446,27,0,0
BRDA:446,27,1,0
BRDA:493,28,0,0
BRDA:493,28,1,0
BRF:59
BRH:0
end_of_record
TN:
SF:src/network-monitor.js
FN:10,(anonymous_0)
FN:22,(anonymous_1)
FN:24,(anonymous_2)
FN:34,(anonymous_3)
FN:53,(anonymous_4)
FN:57,(anonymous_5)
FN:68,(anonymous_6)
FN:70,(anonymous_7)
FN:74,(anonymous_8)
FN:89,(anonymous_9)
FN:92,(anonymous_10)
FN:97,(anonymous_11)
FN:98,(anonymous_12)
FN:106,(anonymous_13)
FN:112,(anonymous_14)
FN:116,(anonymous_15)
FN:120,(anonymous_16)
FN:128,(anonymous_17)
FN:146,(anonymous_18)
FN:152,(anonymous_19)
FN:156,(anonymous_20)
FN:160,(anonymous_21)
FN:174,(anonymous_22)
FN:239,(anonymous_23)
FN:250,(anonymous_24)
FN:261,(anonymous_25)
FN:265,(anonymous_26)
FNF:27
FNH:0
FNDA:0,(anonymous_0)
FNDA:0,(anonymous_1)
FNDA:0,(anonymous_2)
FNDA:0,(anonymous_3)
FNDA:0,(anonymous_4)
FNDA:0,(anonymous_5)
FNDA:0,(anonymous_6)
FNDA:0,(anonymous_7)
FNDA:0,(anonymous_8)
FNDA:0,(anonymous_9)
FNDA:0,(anonymous_10)
FNDA:0,(anonymous_11)
FNDA:0,(anonymous_12)
FNDA:0,(anonymous_13)
FNDA:0,(anonymous_14)
FNDA:0,(anonymous_15)
FNDA:0,(anonymous_16)
FNDA:0,(anonymous_17)
FNDA:0,(anonymous_18)
FNDA:0,(anonymous_19)
FNDA:0,(anonymous_20)
FNDA:0,(anonymous_21)
FNDA:0,(anonymous_22)
FNDA:0,(anonymous_23)
FNDA:0,(anonymous_24)
FNDA:0,(anonymous_25)
FNDA:0,(anonymous_26)
DA:1,0
DA:2,0
DA:3,0
DA:4,0
DA:5,0
DA:6,0
DA:7,0
DA:11,0
DA:12,0
DA:13,0
DA:14,0
DA:15,0
DA:16,0
DA:17,0
DA:18,0
DA:19,0
DA:24,0
DA:25,0
DA:35,0
DA:36,0
DA:39,0
DA:40,0
DA:43,0
DA:44,0
DA:53,0
DA:54,0
DA:58,0
DA:59,0
DA:62,0
DA:63,0
DA:64,0
DA:65,0
DA:69,0
DA:70,0
DA:72,0
DA:73,0
DA:74,0
DA:75,0
DA:76,0
DA:78,0
DA:79,0
DA:82,0
DA:86,0
DA:90,0
DA:92,0
DA:93,0
DA:94,0
DA:98,0
DA:99,0
DA:100,0
DA:101,0
DA:104,0
DA:106,0
DA:107,0
DA:108,0
DA:109,0
DA:112,0
DA:113,0
DA:116,0
DA:117,0
DA:120,0
DA:121,0
DA:124,0
DA:129,0
DA:143,0
DA:147,0
DA:149,0
DA:152,0
DA:153,0
DA:156,0
DA:158,0
DA:160,0
DA:166,0
DA:167,0
DA:175,0
DA:177,0
DA:182,0
DA:183,0
DA:184,0
DA:187,0
DA:188,0
DA:189,0
DA:192,0
DA:193,0
DA:194,0
DA:198,0
DA:199,0
DA:200,0
DA:201,0
DA:203,0
DA:208,0
DA:209,0
DA:210,0
DA:214,0
DA:222,0
DA:223,0
DA:224,0
DA:225,0
DA:229,0
DA:230,0
DA:231,0
DA:232,0
DA:233,0
DA:234,0
DA:240,0
DA:246,0
DA:247,0
DA:251,0
DA:257,0
DA:258,0
DA:262,0
DA:266,0
DA:270,0
LF:113
LH:0
BRDA:35,0,0,0
BRDA:35,0,1,0
BRDA:58,1,0,0
BRDA:58,1,1,0
BRDA:73,2,0,0
BRDA:73,2,1,0
BRDA:90,3,0,0
BRDA:90,3,1,0
BRDA:143,4,0,0
BRDA:143,4,1,0
BRDA:184,5,0,0
BRDA:184,5,1,0
BRDA:192,6,0,0
BRDA:192,6,1,0
BRDA:198,7,0,0
BRDA:198,7,1,0
BRDA:198,8,0,0
BRDA:198,8,1,0
BRDA:209,9,0,0
BRDA:209,9,1,0
BRDA:222,10,0,0
BRDA:222,10,1,0
BRDA:222,11,0,0
BRDA:222,11,1,0
BRDA:224,12,0,0
BRDA:224,12,1,0
BRDA:224,13,0,0
BRDA:224,13,1,0
BRDA:231,14,0,0
BRDA:231,14,1,0
BRDA:242,15,0,0
BRDA:242,15,1,0
BRDA:253,16,0,0
BRDA:253,16,1,0
BRF:34
BRH:0
end_of_record
TN:
SF:src/notifier.js
FN:5,(anonymous_0)
FN:10,(anonymous_1)
FN:23,(anonymous_2)
FN:35,(anonymous_3)
FN:68,(anonymous_4)
FN:107,(anonymous_5)
FN:127,(anonymous_6)
FN:159,(anonymous_7)
FNF:8
FNH:0
FNDA:0,(anonymous_0)
FNDA:0,(anonymous_1)
FNDA:0,(anonymous_2)
FNDA:0,(anonymous_3)
FNDA:0,(anonymous_4)
FNDA:0,(anonymous_5)
FNDA:0,(anonymous_6)
FNDA:0,(anonymous_7)
DA:1,0
DA:2,0
DA:6,0
DA:7,0
DA:11,0
DA:12,0
DA:23,0
DA:24,0
DA:25,0
DA:27,0
DA:31,0
DA:36,0
DA:37,0
DA:38,0
DA:41,0
DA:42,0
DA:43,0
DA:44,0
DA:47,0
DA:60,0
DA:61,0
DA:63,0
DA:64,0
DA:69,0
DA:70,0
DA:71,0
DA:74,0
DA:75,0
DA:76,0
DA:77,0
DA:79,0
DA:80,0
DA:82,0
DA:84,0
DA:107,0
DA:119,0
DA:120,0
DA:122,0
DA:123,0
DA:128,0
DA:129,0
DA:130,0
DA:133,0
DA:134,0
DA:136,0
DA:159,0
DA:171,0
DA:172,0
DA:174,0
DA:175,0
DA:180,0
LF:51
LH:0
BRDA:14,0,0,0
BRDA:14,0,1,0
BRDA:24,1,0,0
BRDA:24,1,1,0
BRDA:36,2,0,0
BRDA:36,2,1,0
BRDA:43,3,0,0
BRDA:43,3,1,0
BRDA:50,4,0,0
BRDA:50,4,1,0
BRDA:55,5,0,0
BRDA:55,5,1,0
BRDA:61,6,0,0
BRDA:61,6,1,0
BRDA:69,7,0,0
BRDA:69,7,1,0
BRDA:112,8,0,0
BRDA:112,8,1,0
BRDA:128,9,0,0
BRDA:128,9,1,0
BRDA:164,10,0,0
BRDA:164,10,1,0
BRF:22
BRH:0
end_of_record
TN:
SF:src/speed-test.js
FN:10,(anonymous_0)
FN:16,(anonymous_1)
FN:41,(anonymous_2)
FN:42,(anonymous_3)
FN:52,(anonymous_4)
FN:53,(anonymous_5)
FN:57,(anonymous_6)
FN:70,(anonymous_7)
FN:78,(anonymous_8)
FN:79,(anonymous_9)
FN:93,(anonymous_10)
FN:95,(anonymous_11)
FN:99,(anonymous_12)
FN:112,(anonymous_13)
FN:121,(anonymous_14)
FNF:15
FNH:0
FNDA:0,(anonymous_0)
FNDA:0,(anonymous_1)
FNDA:0,(anonymous_2)
FNDA:0,(anonymous_3)
FNDA:0,(anonymous_4)
FNDA:0,(anonymous_5)
FNDA:0,(anonymous_6)
FNDA:0,(anonymous_7)
FNDA:0,(anonymous_8)
FNDA:0,(anonymous_9)
FNDA:0,(anonymous_10)
FNDA:0,(anonymous_11)
FNDA:0,(anonymous_12)
FNDA:0,(anonymous_13)
FNDA:0,(anonymous_14)
DA:1,0
DA:2,0
DA:3,0
DA:4,0
DA:5,0
DA:6,0
DA:7,0
DA:11,0
DA:12,0
DA:13,0
DA:17,0
DA:18,0
DA:21,0
DA:22,0
DA:24,0
DA:27,0
DA:29,0
DA:30,0
DA:36,0
DA:37,0
DA:42,0
DA:43,0
DA:44,0
DA:46,0
DA:52,0
DA:53,0
DA:54,0
DA:57,0
DA:58,0
DA:59,0
DA:60,0
DA:62,0
DA:70,0
DA:71,0
DA:74,0
DA:79,0
DA:80,0
DA:81,0
DA:83,0
DA:93,0
DA:94,0
DA:95,0
DA:96,0
DA:99,0
DA:100,0
DA:101,0
DA:102,0
DA:104,0
DA:112,0
DA:113,0
DA:116,0
DA:117,0
DA:122,0
DA:124,0
DA:127,0
DA:128,0
DA:131,0
DA:133,0
DA:134,0
DA:139,0
LF:60
LH:0
BRDA:17,0,0,0
BRDA:17,0,1,0
BRDA:128,1,0,0
BRDA:128,1,1,0
BRF:4
BRH:0
end_of_record
